[INFO] Scanning for projects...
[INFO] ------------------------------------------------------------------------
[INFO] Reactor Build Order:
[INFO] 
[INFO] Dis                                                                [pom]
[INFO] Dis-shared                                                         [jar]
[INFO] Dis-client                                                     [gwt-app]
[INFO] Dis-server                                                         [war]
[INFO] 
[INFO] -------------------------< si.telekom.dis:Dis >-------------------------
[INFO] Building Dis 1.0-SNAPSHOT                                          [1/4]
[INFO] --------------------------------[ pom ]---------------------------------
[INFO] 
[INFO] --- maven-clean-plugin:2.5:clean (default-clean) @ Dis ---
[INFO] 
[INFO] ---------------------< si.telekom.dis:Dis-shared >----------------------
[INFO] Building Dis-shared 1.0-SNAPSHOT                                   [2/4]
[INFO] --------------------------------[ jar ]---------------------------------
[INFO] 
[INFO] --- maven-clean-plugin:2.5:clean (default-clean) @ Dis-shared ---
[INFO] Deleting C:\git\Dis\Dis-shared\target
[INFO] 
[INFO] --- maven-resources-plugin:2.6:resources (default-resources) @ Dis-shared ---
[INFO] Using 'UTF-8' encoding to copy filtered resources.
[INFO] skip non existing resourceDirectory C:\git\Dis\Dis-shared\src\main\resources
[INFO] 
[INFO] --- maven-compiler-plugin:3.8.1:compile (default-compile) @ Dis-shared ---
[INFO] Changes detected - recompiling the module!
[INFO] Compiling 32 source files to C:\git\Dis\Dis-shared\target\classes
[INFO] 
[INFO] --- maven-resources-plugin:2.6:testResources (default-testResources) @ Dis-shared ---
[INFO] Using 'UTF-8' encoding to copy filtered resources.
[INFO] skip non existing resourceDirectory C:\git\Dis\Dis-shared\src\test\resources
[INFO] 
[INFO] --- maven-compiler-plugin:3.8.1:testCompile (default-testCompile) @ Dis-shared ---
[INFO] No sources to compile
[INFO] 
[INFO] --- maven-surefire-plugin:2.12.4:test (default-test) @ Dis-shared ---
[INFO] No tests to run.
[INFO] 
[INFO] --- maven-jar-plugin:2.4:jar (default-jar) @ Dis-shared ---
[INFO] Building jar: C:\git\Dis\Dis-shared\target\Dis-shared-1.0-SNAPSHOT.jar
[INFO] 
[INFO] --- maven-source-plugin:3.2.1:jar-no-fork (attach-sources) @ Dis-shared ---
[INFO] Building jar: C:\git\Dis\Dis-shared\target\Dis-shared-1.0-SNAPSHOT-sources.jar
[INFO] 
[INFO] ---------------------< si.telekom.dis:Dis-client >----------------------
[INFO] Building Dis-client 1.0-SNAPSHOT                                   [3/4]
[INFO] ------------------------------[ gwt-app ]-------------------------------
[INFO] 
[INFO] --- maven-clean-plugin:2.5:clean (default-clean) @ Dis-client ---
[INFO] Deleting C:\git\Dis\Dis-client\target
[INFO] 
[INFO] --- gwt-maven-plugin:1.0.0:enforce-encoding (default-enforce-encoding) @ Dis-client ---
[INFO] 
[INFO] --- gwt-maven-plugin:1.0.0:add-super-sources (default-add-super-sources) @ Dis-client ---
[INFO] 
[INFO] --- gwt-maven-plugin:1.0.0:add-test-super-sources (default-add-test-super-sources) @ Dis-client ---
[INFO] 
[INFO] --- gwt-maven-plugin:1.0.0:generate-module (default-generate-module) @ Dis-client ---
[INFO] 
[INFO] --- maven-resources-plugin:3.1.0:resources (default-resources) @ Dis-client ---
[INFO] Using 'UTF-8' encoding to copy filtered resources.
[INFO] skip non existing resourceDirectory C:\git\Dis\Dis-client\src\main\resources
[INFO] skip non existing resourceDirectory C:\git\Dis\Dis-client\src\main\super
[INFO] 
[INFO] --- maven-compiler-plugin:3.8.1:compile (default-compile) @ Dis-client ---
[INFO] Changes detected - recompiling the module!
[INFO] Compiling 65 source files to C:\git\Dis\Dis-client\target\classes
[INFO] /C:/git/Dis/Dis-client/src/main/java/si/telekom/dis/client/ProgressDialog.java: Some input files use or override a deprecated API.
[INFO] /C:/git/Dis/Dis-client/src/main/java/si/telekom/dis/client/ProgressDialog.java: Recompile with -Xlint:deprecation for details.
[INFO] /C:/git/Dis/Dis-client/src/main/java/si/telekom/dis/client/CustomTreeModel.java: Some input files use unchecked or unsafe operations.
[INFO] /C:/git/Dis/Dis-client/src/main/java/si/telekom/dis/client/CustomTreeModel.java: Recompile with -Xlint:unchecked for details.
[INFO] 
[INFO] --- maven-resources-plugin:3.1.0:testResources (default-testResources) @ Dis-client ---
[INFO] Using 'UTF-8' encoding to copy filtered resources.
[INFO] skip non existing resourceDirectory C:\git\Dis\Dis-client\src\test\resources
[INFO] skip non existing resourceDirectory C:\git\Dis\Dis-client\src\test\super
[INFO] 
[INFO] --- maven-compiler-plugin:3.8.1:testCompile (default-testCompile) @ Dis-client ---
[INFO] No sources to compile
[INFO] 
[INFO] --- gwt-maven-plugin:1.0.0:test (default-test) @ Dis-client ---
[INFO] No tests to run.
[INFO] 
[INFO] --- gwt-maven-plugin:1.0.0:compile (default-compile) @ Dis-client ---
[INFO] Compiling module si.telekom.dis.client.WebUi2
[INFO]    Finding entry point classes
[INFO]       [ERROR] Hint: Check the inheritance chain from your module; it may not be inheriting a required module or a module may not be adding its source path entries properly
[INFO] ------------------------------------------------------------------------
[INFO] Reactor Summary for Dis 1.0-SNAPSHOT:
[INFO] 
[INFO] Dis ................................................ SUCCESS [  0.094 s]
[INFO] Dis-shared ......................................... SUCCESS [  2.076 s]
[INFO] Dis-client ......................................... FAILURE [ 24.601 s]
[INFO] Dis-server ......................................... SKIPPED
[INFO] ------------------------------------------------------------------------
[INFO] BUILD FAILURE
[INFO] ------------------------------------------------------------------------
[INFO] Total time:  28.357 s
[INFO] Finished at: 2020-08-28T06:28:37+02:00
[INFO] ------------------------------------------------------------------------
[ERROR] Failed to execute goal net.ltgt.gwt.maven:gwt-maven-plugin:1.0.0:compile (default-compile) on project Dis-client: GWT exited with status 1 -> [Help 1]
[ERROR] 
[ERROR] To see the full stack trace of the errors, re-run Maven with the -e switch.
[ERROR] Re-run Maven using the -X switch to enable full debug logging.
[ERROR] 
[ERROR] For more information about the errors and possible solutions, please read the following articles:
[ERROR] [Help 1] http://cwiki.apache.org/confluence/display/MAVEN/MojoExecutionException
[ERROR] 
[ERROR] After correcting the problems, you can resume the build with the command
[ERROR]   mvn <goals> -rf :Dis-client
