2739 [grizzly-http-server-0] ERROR com.documentum.fc.common.impl.logging.LoggingConfigurator  - Problem locating log4j configuration
2740 [grizzly-http-server-0] WARN com.documentum.fc.common.impl.logging.LoggingConfigurator  - Using default log4j configuration
2741 [grizzly-http-server-0] ERROR com.documentum.fc.common.impl.preferences.PreferencesManager  - [DFC_PREFERENCE_LOAD_FAILED] Failed to load persistent preferences from null
java.io.FileNotFoundException: dfc.properties
	at com.documentum.fc.common.impl.preferences.PreferencesManager.locateMainPersistentStore(PreferencesManager.java:378)
	at com.documentum.fc.common.impl.preferences.PreferencesManager.readPersistentProperties(PreferencesManager.java:329)
	at com.documentum.fc.common.impl.preferences.PreferencesManager.<init>(PreferencesManager.java:37)
	at com.documentum.fc.common.DfPreferences.initialize(DfPreferences.java:64)
	at com.documentum.fc.common.DfPreferences.getInstance(DfPreferences.java:43)
	at com.documentum.fc.client.DfSimpleDbor.getDefaultDbor(DfSimpleDbor.java:78)
	at com.documentum.fc.client.DfSimpleDbor.<init>(DfSimpleDbor.java:66)
	at com.documentum.fc.client.DfClient$ClientImpl.<init>(DfClient.java:350)
	at com.documentum.fc.client.DfClient.<clinit>(DfClient.java:766)
	at com.documentum.com.DfClientX.getLocalClient(DfClientX.java:43)
	at si.telekom.dis.server.AdminServiceImpl.getSessionManager(AdminServiceImpl.java:995)
	at si.telekom.dis.server.AdminServiceImpl.getSession(AdminServiceImpl.java:1885)
	at si.telekom.dis.server.LoginServiceImpl.checkPassword(LoginServiceImpl.java:181)
	at si.telekom.dis.server.restCommon.AuthenticationFilter.isUserAllowed(AuthenticationFilter.java:127)
	at si.telekom.dis.server.restCommon.AuthenticationFilter.filter(AuthenticationFilter.java:103)
	at org.glassfish.jersey.server.ContainerFilteringStage.apply(ContainerFilteringStage.java:132)
	at org.glassfish.jersey.server.ContainerFilteringStage.apply(ContainerFilteringStage.java:68)
	at org.glassfish.jersey.process.internal.Stages.process(Stages.java:197)
	at org.glassfish.jersey.server.ServerRuntime$2.run(ServerRuntime.java:318)
	at org.glassfish.jersey.internal.Errors$1.call(Errors.java:271)
	at org.glassfish.jersey.internal.Errors$1.call(Errors.java:267)
	at org.glassfish.jersey.internal.Errors.process(Errors.java:315)
	at org.glassfish.jersey.internal.Errors.process(Errors.java:297)
	at org.glassfish.jersey.internal.Errors.process(Errors.java:267)
	at org.glassfish.jersey.process.internal.RequestScope.runInScope(RequestScope.java:317)
	at org.glassfish.jersey.server.ServerRuntime.process(ServerRuntime.java:305)
	at org.glassfish.jersey.server.ApplicationHandler.handle(ApplicationHandler.java:1154)
	at org.glassfish.jersey.servlet.WebComponent.serviceImpl(WebComponent.java:473)
	at org.glassfish.jersey.servlet.WebComponent.service(WebComponent.java:427)
	at org.glassfish.jersey.servlet.ServletContainer.service(ServletContainer.java:388)
	at org.glassfish.jersey.servlet.ServletContainer.service(ServletContainer.java:341)
	at org.glassfish.jersey.servlet.ServletContainer.service(ServletContainer.java:228)
	at org.glassfish.grizzly.servlet.FilterChainImpl.doFilter(FilterChainImpl.java:147)
	at org.glassfish.grizzly.servlet.FilterChainImpl.invokeFilterChain(FilterChainImpl.java:106)
	at org.glassfish.grizzly.servlet.ServletHandler.doServletService(ServletHandler.java:224)
	at org.glassfish.grizzly.servlet.ServletHandler.service(ServletHandler.java:173)
	at org.glassfish.grizzly.http.server.HttpHandler$1.run(HttpHandler.java:224)
	at org.glassfish.grizzly.threadpool.AbstractThreadPool$Worker.doWork(AbstractThreadPool.java:591)
	at org.glassfish.grizzly.threadpool.AbstractThreadPool$Worker.run(AbstractThreadPool.java:571)
	at java.lang.Thread.run(Thread.java:748)
4937 [grizzly-http-server-0] ERROR com.documentum.fc.client.security.impl.IdentityManager  - [DFC_SECURITY_IDENTITY_INIT] no identity initialization or incomplete identity initialization
DfException:: THREAD: grizzly-http-server-0; MSG: ; ERRORCODE: ff; NEXT: null
	at com.documentum.fc.client.security.impl.JKSKeystoreUtil.creteNewKeystoreFile(JKSKeystoreUtil.java:425)
	at com.documentum.fc.client.security.impl.JKSKeystoreUtil.createNewKeystore(JKSKeystoreUtil.java:209)
	at com.documentum.fc.client.security.impl.DfcIdentityKeystore.applyDfcInitPolicy(DfcIdentityKeystore.java:95)
	at com.documentum.fc.client.security.impl.DfcIdentityKeystore.<init>(DfcIdentityKeystore.java:44)
	at com.documentum.fc.client.security.impl.InitializeKeystoreForDfc.init(InitializeKeystoreForDfc.java:129)
	at com.documentum.fc.client.security.impl.InitializeKeystoreForDfc.execute(InitializeKeystoreForDfc.java:54)
	at com.documentum.fc.client.security.internal.KeystoreMgr.initForDfcWithDefaultPolicy(KeystoreMgr.java:71)
	at com.documentum.fc.client.security.impl.IdentityManager.initFromKeystore(IdentityManager.java:139)
	at com.documentum.fc.client.security.impl.IdentityManager.<init>(IdentityManager.java:41)
	at com.documentum.fc.impl.RuntimeContext.<init>(RuntimeContext.java:52)
	at com.documentum.fc.impl.RuntimeContext.<clinit>(RuntimeContext.java:185)
	at com.documentum.fc.client.DfClient.<clinit>(DfClient.java:772)
	at com.documentum.com.DfClientX.getLocalClient(DfClientX.java:43)
	at si.telekom.dis.server.AdminServiceImpl.getSessionManager(AdminServiceImpl.java:995)
	at si.telekom.dis.server.AdminServiceImpl.getSession(AdminServiceImpl.java:1885)
	at si.telekom.dis.server.LoginServiceImpl.checkPassword(LoginServiceImpl.java:181)
	at si.telekom.dis.server.restCommon.AuthenticationFilter.isUserAllowed(AuthenticationFilter.java:127)
	at si.telekom.dis.server.restCommon.AuthenticationFilter.filter(AuthenticationFilter.java:103)
	at org.glassfish.jersey.server.ContainerFilteringStage.apply(ContainerFilteringStage.java:132)
	at org.glassfish.jersey.server.ContainerFilteringStage.apply(ContainerFilteringStage.java:68)
	at org.glassfish.jersey.process.internal.Stages.process(Stages.java:197)
	at org.glassfish.jersey.server.ServerRuntime$2.run(ServerRuntime.java:318)
	at org.glassfish.jersey.internal.Errors$1.call(Errors.java:271)
	at org.glassfish.jersey.internal.Errors$1.call(Errors.java:267)
	at org.glassfish.jersey.internal.Errors.process(Errors.java:315)
	at org.glassfish.jersey.internal.Errors.process(Errors.java:297)
	at org.glassfish.jersey.internal.Errors.process(Errors.java:267)
	at org.glassfish.jersey.process.internal.RequestScope.runInScope(RequestScope.java:317)
	at org.glassfish.jersey.server.ServerRuntime.process(ServerRuntime.java:305)
	at org.glassfish.jersey.server.ApplicationHandler.handle(ApplicationHandler.java:1154)
	at org.glassfish.jersey.servlet.WebComponent.serviceImpl(WebComponent.java:473)
	at org.glassfish.jersey.servlet.WebComponent.service(WebComponent.java:427)
	at org.glassfish.jersey.servlet.ServletContainer.service(ServletContainer.java:388)
	at org.glassfish.jersey.servlet.ServletContainer.service(ServletContainer.java:341)
	at org.glassfish.jersey.servlet.ServletContainer.service(ServletContainer.java:228)
	at org.glassfish.grizzly.servlet.FilterChainImpl.doFilter(FilterChainImpl.java:147)
	at org.glassfish.grizzly.servlet.FilterChainImpl.invokeFilterChain(FilterChainImpl.java:106)
	at org.glassfish.grizzly.servlet.ServletHandler.doServletService(ServletHandler.java:224)
	at org.glassfish.grizzly.servlet.ServletHandler.service(ServletHandler.java:173)
	at org.glassfish.grizzly.http.server.HttpHandler$1.run(HttpHandler.java:224)
	at org.glassfish.grizzly.threadpool.AbstractThreadPool$Worker.doWork(AbstractThreadPool.java:591)
	at org.glassfish.grizzly.threadpool.AbstractThreadPool$Worker.run(AbstractThreadPool.java:571)
	at java.lang.Thread.run(Thread.java:748)
Caused by: java.io.IOException: Permission denied
	at java.io.UnixFileSystem.createFileExclusively(Native Method)
	at java.io.File.createNewFile(File.java:1014)
	at com.documentum.fc.client.security.impl.JKSKeystoreUtil.creteNewKeystoreFile(JKSKeystoreUtil.java:412)
	... 42 more
4965 [grizzly-http-server-0] WARN com.documentum.fc.client.security.internal.RegistrationMgr  - [DFC_SECURITY_GR_PUBLICATION_FAILED] Publication of DFC instance with global registry failed
DfException:: THREAD: grizzly-http-server-0; MSG: [DFC_BOF_GLOBAL_REGISTRY_NOT_CONFIGURED] A global registry is not configured; ERRORCODE: ff; NEXT: null
	at com.documentum.fc.client.security.impl.DfcIdentityPublisher.<init>(DfcIdentityPublisher.java:51)
	at com.documentum.fc.client.security.internal.RegistrationMgr.register(RegistrationMgr.java:34)
	at com.documentum.fc.impl.RuntimeContext.<clinit>(RuntimeContext.java:195)
	at com.documentum.fc.client.DfClient.<clinit>(DfClient.java:772)
	at com.documentum.com.DfClientX.getLocalClient(DfClientX.java:43)
	at si.telekom.dis.server.AdminServiceImpl.getSessionManager(AdminServiceImpl.java:995)
	at si.telekom.dis.server.AdminServiceImpl.getSession(AdminServiceImpl.java:1885)
	at si.telekom.dis.server.LoginServiceImpl.checkPassword(LoginServiceImpl.java:181)
	at si.telekom.dis.server.restCommon.AuthenticationFilter.isUserAllowed(AuthenticationFilter.java:127)
	at si.telekom.dis.server.restCommon.AuthenticationFilter.filter(AuthenticationFilter.java:103)
	at org.glassfish.jersey.server.ContainerFilteringStage.apply(ContainerFilteringStage.java:132)
	at org.glassfish.jersey.server.ContainerFilteringStage.apply(ContainerFilteringStage.java:68)
	at org.glassfish.jersey.process.internal.Stages.process(Stages.java:197)
	at org.glassfish.jersey.server.ServerRuntime$2.run(ServerRuntime.java:318)
	at org.glassfish.jersey.internal.Errors$1.call(Errors.java:271)
	at org.glassfish.jersey.internal.Errors$1.call(Errors.java:267)
	at org.glassfish.jersey.internal.Errors.process(Errors.java:315)
	at org.glassfish.jersey.internal.Errors.process(Errors.java:297)
	at org.glassfish.jersey.internal.Errors.process(Errors.java:267)
	at org.glassfish.jersey.process.internal.RequestScope.runInScope(RequestScope.java:317)
	at org.glassfish.jersey.server.ServerRuntime.process(ServerRuntime.java:305)
	at org.glassfish.jersey.server.ApplicationHandler.handle(ApplicationHandler.java:1154)
	at org.glassfish.jersey.servlet.WebComponent.serviceImpl(WebComponent.java:473)
	at org.glassfish.jersey.servlet.WebComponent.service(WebComponent.java:427)
	at org.glassfish.jersey.servlet.ServletContainer.service(ServletContainer.java:388)
	at org.glassfish.jersey.servlet.ServletContainer.service(ServletContainer.java:341)
	at org.glassfish.jersey.servlet.ServletContainer.service(ServletContainer.java:228)
	at org.glassfish.grizzly.servlet.FilterChainImpl.doFilter(FilterChainImpl.java:147)
	at org.glassfish.grizzly.servlet.FilterChainImpl.invokeFilterChain(FilterChainImpl.java:106)
	at org.glassfish.grizzly.servlet.ServletHandler.doServletService(ServletHandler.java:224)
	at org.glassfish.grizzly.servlet.ServletHandler.service(ServletHandler.java:173)
	at org.glassfish.grizzly.http.server.HttpHandler$1.run(HttpHandler.java:224)
	at org.glassfish.grizzly.threadpool.AbstractThreadPool$Worker.doWork(AbstractThreadPool.java:591)
	at org.glassfish.grizzly.threadpool.AbstractThreadPool$Worker.run(AbstractThreadPool.java:571)
	at java.lang.Thread.run(Thread.java:748)
5069 [SyncGroups] ERROR si.telekom.dis.server.AdminServiceImpl  - DfServiceException:: THREAD: SyncGroups; MSG: [DM_DOCBROKER_E_NO_DOCBROKERS]error:  "No DocBrokers are configured"; ERRORCODE: 100; NEXT: null
5069 [MyStartThread] ERROR si.telekom.dis.server.AdminServiceImpl  - [DM_DOCBROKER_E_NO_DOCBROKERS]error:  "No DocBrokers are configured"
5074 [grizzly-http-server-0] WARN si.telekom.dis.server.restCommon.AuthenticationFilter  - User zivkovick cannot login: Documentum authentication problem:[DM_DOCBROKER_E_NO_DOCBROKERS]error:  "No DocBrokers are configured"
5074 [MyStartThread] ERROR si.telekom.dis.server.AdminServiceImpl  - [DM_DOCBROKER_E_NO_DOCBROKERS]error:  "No DocBrokers are configured"
5075 [MyStartThread] ERROR si.telekom.dis.server.AdminServiceImpl  - [DM_DOCBROKER_E_NO_DOCBROKERS]error:  "No DocBrokers are configured"
3298 [SyncGroups] ERROR com.documentum.fc.common.impl.logging.LoggingConfigurator  - Problem locating log4j configuration
3300 [SyncGroups] WARN com.documentum.fc.common.impl.logging.LoggingConfigurator  - Using default log4j configuration
3301 [SyncGroups] ERROR com.documentum.fc.common.impl.preferences.PreferencesManager  - [DFC_PREFERENCE_LOAD_FAILED] Failed to load persistent preferences from null
java.io.FileNotFoundException: dfc.properties
	at com.documentum.fc.common.impl.preferences.PreferencesManager.locateMainPersistentStore(PreferencesManager.java:378)
	at com.documentum.fc.common.impl.preferences.PreferencesManager.readPersistentProperties(PreferencesManager.java:329)
	at com.documentum.fc.common.impl.preferences.PreferencesManager.<init>(PreferencesManager.java:37)
	at com.documentum.fc.common.DfPreferences.initialize(DfPreferences.java:64)
	at com.documentum.fc.common.DfPreferences.getInstance(DfPreferences.java:43)
	at com.documentum.fc.client.DfSimpleDbor.getDefaultDbor(DfSimpleDbor.java:78)
	at com.documentum.fc.client.DfSimpleDbor.<init>(DfSimpleDbor.java:66)
	at com.documentum.fc.client.DfClient$ClientImpl.<init>(DfClient.java:350)
	at com.documentum.fc.client.DfClient.<clinit>(DfClient.java:766)
	at com.documentum.com.DfClientX.getLocalClient(DfClientX.java:43)
	at si.telekom.dis.server.AdminServiceImpl.getSessionManager(AdminServiceImpl.java:995)
	at si.telekom.dis.server.AdminServiceImpl.getAdminSession(AdminServiceImpl.java:1921)
	at si.telekom.dis.server.AdminServiceImpl$2.run(AdminServiceImpl.java:367)
	at java.lang.Thread.run(Thread.java:748)
4671 [SyncGroups] ERROR com.documentum.fc.client.security.impl.IdentityManager  - [DFC_SECURITY_IDENTITY_INIT] no identity initialization or incomplete identity initialization
DfException:: THREAD: SyncGroups; MSG: ; ERRORCODE: ff; NEXT: null
	at com.documentum.fc.client.security.impl.JKSKeystoreUtil.creteNewKeystoreFile(JKSKeystoreUtil.java:425)
	at com.documentum.fc.client.security.impl.JKSKeystoreUtil.createNewKeystore(JKSKeystoreUtil.java:209)
	at com.documentum.fc.client.security.impl.DfcIdentityKeystore.applyDfcInitPolicy(DfcIdentityKeystore.java:95)
	at com.documentum.fc.client.security.impl.DfcIdentityKeystore.<init>(DfcIdentityKeystore.java:44)
	at com.documentum.fc.client.security.impl.InitializeKeystoreForDfc.init(InitializeKeystoreForDfc.java:129)
	at com.documentum.fc.client.security.impl.InitializeKeystoreForDfc.execute(InitializeKeystoreForDfc.java:54)
	at com.documentum.fc.client.security.internal.KeystoreMgr.initForDfcWithDefaultPolicy(KeystoreMgr.java:71)
	at com.documentum.fc.client.security.impl.IdentityManager.initFromKeystore(IdentityManager.java:139)
	at com.documentum.fc.client.security.impl.IdentityManager.<init>(IdentityManager.java:41)
	at com.documentum.fc.impl.RuntimeContext.<init>(RuntimeContext.java:52)
	at com.documentum.fc.impl.RuntimeContext.<clinit>(RuntimeContext.java:185)
	at com.documentum.fc.client.DfClient.<clinit>(DfClient.java:772)
	at com.documentum.com.DfClientX.getLocalClient(DfClientX.java:43)
	at si.telekom.dis.server.AdminServiceImpl.getSessionManager(AdminServiceImpl.java:995)
	at si.telekom.dis.server.AdminServiceImpl.getAdminSession(AdminServiceImpl.java:1921)
	at si.telekom.dis.server.AdminServiceImpl$2.run(AdminServiceImpl.java:367)
	at java.lang.Thread.run(Thread.java:748)
Caused by: java.io.IOException: Permission denied
	at java.io.UnixFileSystem.createFileExclusively(Native Method)
	at java.io.File.createNewFile(File.java:1014)
	at com.documentum.fc.client.security.impl.JKSKeystoreUtil.creteNewKeystoreFile(JKSKeystoreUtil.java:412)
	... 16 more
4696 [SyncGroups] WARN com.documentum.fc.client.security.internal.RegistrationMgr  - [DFC_SECURITY_GR_PUBLICATION_FAILED] Publication of DFC instance with global registry failed
DfException:: THREAD: SyncGroups; MSG: [DFC_BOF_GLOBAL_REGISTRY_NOT_CONFIGURED] A global registry is not configured; ERRORCODE: ff; NEXT: null
	at com.documentum.fc.client.security.impl.DfcIdentityPublisher.<init>(DfcIdentityPublisher.java:51)
	at com.documentum.fc.client.security.internal.RegistrationMgr.register(RegistrationMgr.java:34)
	at com.documentum.fc.impl.RuntimeContext.<clinit>(RuntimeContext.java:195)
	at com.documentum.fc.client.DfClient.<clinit>(DfClient.java:772)
	at com.documentum.com.DfClientX.getLocalClient(DfClientX.java:43)
	at si.telekom.dis.server.AdminServiceImpl.getSessionManager(AdminServiceImpl.java:995)
	at si.telekom.dis.server.AdminServiceImpl.getAdminSession(AdminServiceImpl.java:1921)
	at si.telekom.dis.server.AdminServiceImpl$2.run(AdminServiceImpl.java:367)
	at java.lang.Thread.run(Thread.java:748)
4813 [grizzly-http-server-0] WARN si.telekom.dis.server.restCommon.AuthenticationFilter  - User zivkovick cannot login: Documentum authentication problem:[DM_DOCBROKER_E_NO_DOCBROKERS]error:  "No DocBrokers are configured"
4814 [SyncGroups] ERROR si.telekom.dis.server.AdminServiceImpl  - DfServiceException:: THREAD: SyncGroups; MSG: [DM_DOCBROKER_E_NO_DOCBROKERS]error:  "No DocBrokers are configured"; ERRORCODE: 100; NEXT: null
2345 [SyncGroups] ERROR com.documentum.fc.common.impl.logging.LoggingConfigurator  - Problem locating log4j configuration
2364 [SyncGroups] WARN com.documentum.fc.common.impl.logging.LoggingConfigurator  - Using default log4j configuration
2365 [SyncGroups] ERROR com.documentum.fc.common.impl.preferences.PreferencesManager  - [DFC_PREFERENCE_LOAD_FAILED] Failed to load persistent preferences from null
java.io.FileNotFoundException: dfc.properties
	at com.documentum.fc.common.impl.preferences.PreferencesManager.locateMainPersistentStore(PreferencesManager.java:378)
	at com.documentum.fc.common.impl.preferences.PreferencesManager.readPersistentProperties(PreferencesManager.java:329)
	at com.documentum.fc.common.impl.preferences.PreferencesManager.<init>(PreferencesManager.java:37)
	at com.documentum.fc.common.DfPreferences.initialize(DfPreferences.java:64)
	at com.documentum.fc.common.DfPreferences.getInstance(DfPreferences.java:43)
	at com.documentum.fc.client.DfSimpleDbor.getDefaultDbor(DfSimpleDbor.java:78)
	at com.documentum.fc.client.DfSimpleDbor.<init>(DfSimpleDbor.java:66)
	at com.documentum.fc.client.DfClient$ClientImpl.<init>(DfClient.java:350)
	at com.documentum.fc.client.DfClient.<clinit>(DfClient.java:766)
	at com.documentum.com.DfClientX.getLocalClient(DfClientX.java:43)
	at si.telekom.dis.server.AdminServiceImpl.getSessionManager(AdminServiceImpl.java:1024)
	at si.telekom.dis.server.AdminServiceImpl.getAdminSession(AdminServiceImpl.java:1950)
	at si.telekom.dis.server.AdminServiceImpl$2.run(AdminServiceImpl.java:363)
	at java.lang.Thread.run(Thread.java:748)
3977 [SyncGroups] ERROR com.documentum.fc.client.security.impl.IdentityManager  - [DFC_SECURITY_IDENTITY_INIT] no identity initialization or incomplete identity initialization
DfException:: THREAD: SyncGroups; MSG: ; ERRORCODE: ff; NEXT: null
	at com.documentum.fc.client.security.impl.JKSKeystoreUtil.creteNewKeystoreFile(JKSKeystoreUtil.java:425)
	at com.documentum.fc.client.security.impl.JKSKeystoreUtil.createNewKeystore(JKSKeystoreUtil.java:209)
	at com.documentum.fc.client.security.impl.DfcIdentityKeystore.applyDfcInitPolicy(DfcIdentityKeystore.java:95)
	at com.documentum.fc.client.security.impl.DfcIdentityKeystore.<init>(DfcIdentityKeystore.java:44)
	at com.documentum.fc.client.security.impl.InitializeKeystoreForDfc.init(InitializeKeystoreForDfc.java:129)
	at com.documentum.fc.client.security.impl.InitializeKeystoreForDfc.execute(InitializeKeystoreForDfc.java:54)
	at com.documentum.fc.client.security.internal.KeystoreMgr.initForDfcWithDefaultPolicy(KeystoreMgr.java:71)
	at com.documentum.fc.client.security.impl.IdentityManager.initFromKeystore(IdentityManager.java:139)
	at com.documentum.fc.client.security.impl.IdentityManager.<init>(IdentityManager.java:41)
	at com.documentum.fc.impl.RuntimeContext.<init>(RuntimeContext.java:52)
	at com.documentum.fc.impl.RuntimeContext.<clinit>(RuntimeContext.java:185)
	at com.documentum.fc.client.DfClient.<clinit>(DfClient.java:772)
	at com.documentum.com.DfClientX.getLocalClient(DfClientX.java:43)
	at si.telekom.dis.server.AdminServiceImpl.getSessionManager(AdminServiceImpl.java:1024)
	at si.telekom.dis.server.AdminServiceImpl.getAdminSession(AdminServiceImpl.java:1950)
	at si.telekom.dis.server.AdminServiceImpl$2.run(AdminServiceImpl.java:363)
	at java.lang.Thread.run(Thread.java:748)
Caused by: java.io.IOException: Permission denied
	at java.io.UnixFileSystem.createFileExclusively(Native Method)
	at java.io.File.createNewFile(File.java:1014)
	at com.documentum.fc.client.security.impl.JKSKeystoreUtil.creteNewKeystoreFile(JKSKeystoreUtil.java:412)
	... 16 more
3998 [SyncGroups] WARN com.documentum.fc.client.security.internal.RegistrationMgr  - [DFC_SECURITY_GR_PUBLICATION_FAILED] Publication of DFC instance with global registry failed
DfException:: THREAD: SyncGroups; MSG: [DFC_BOF_GLOBAL_REGISTRY_NOT_CONFIGURED] A global registry is not configured; ERRORCODE: ff; NEXT: null
	at com.documentum.fc.client.security.impl.DfcIdentityPublisher.<init>(DfcIdentityPublisher.java:51)
	at com.documentum.fc.client.security.internal.RegistrationMgr.register(RegistrationMgr.java:34)
	at com.documentum.fc.impl.RuntimeContext.<clinit>(RuntimeContext.java:195)
	at com.documentum.fc.client.DfClient.<clinit>(DfClient.java:772)
	at com.documentum.com.DfClientX.getLocalClient(DfClientX.java:43)
	at si.telekom.dis.server.AdminServiceImpl.getSessionManager(AdminServiceImpl.java:1024)
	at si.telekom.dis.server.AdminServiceImpl.getAdminSession(AdminServiceImpl.java:1950)
	at si.telekom.dis.server.AdminServiceImpl$2.run(AdminServiceImpl.java:363)
	at java.lang.Thread.run(Thread.java:748)
4101 [SyncGroups] ERROR si.telekom.dis.server.AdminServiceImpl  - DfServiceException:: THREAD: SyncGroups; MSG: [DM_DOCBROKER_E_NO_DOCBROKERS]error:  "No DocBrokers are configured"; ERRORCODE: 100; NEXT: null
4102 [MyStartThread] ERROR si.telekom.dis.server.AdminServiceImpl  - [DM_DOCBROKER_E_NO_DOCBROKERS]error:  "No DocBrokers are configured"
4102 [MyStartThread] ERROR si.telekom.dis.server.AdminServiceImpl  - [DM_DOCBROKER_E_NO_DOCBROKERS]error:  "No DocBrokers are configured"
4103 [MyStartThread] ERROR si.telekom.dis.server.AdminServiceImpl  - [DM_DOCBROKER_E_NO_DOCBROKERS]error:  "No DocBrokers are configured"
4212 [MyStartThread] ERROR si.telekom.dis.server.AdminServiceImpl  - DfServiceException:: THREAD: MyStartThread; MSG: [DM_DOCBROKER_E_NO_DOCBROKERS]error:  "No DocBrokers are configured"; ERRORCODE: 100; NEXT: null
	at com.documentum.fc.client.DfServiceException.newNoDocbrokersException(DfServiceException.java:44)
	at com.documentum.fc.client.impl.docbroker.ServerMapBuilder.getMap(ServerMapBuilder.java:50)
	at com.documentum.fc.client.impl.docbroker.DocbrokerClient.getServerMap(DocbrokerClient.java:152)
	at com.documentum.fc.client.impl.connection.docbase.ServerChoiceManager.updateServerChoices(ServerChoiceManager.java:159)
	at com.documentum.fc.client.impl.connection.docbase.ServerChoiceManager.updateServerChoicesIfNecessary(ServerChoiceManager.java:148)
	at com.documentum.fc.client.impl.connection.docbase.ServerChoiceManager.getServerChoices(ServerChoiceManager.java:47)
	at com.documentum.fc.client.impl.connection.docbase.DocbaseConnection.getServerChoices(DocbaseConnection.java:273)
	at com.documentum.fc.client.impl.connection.docbase.DocbaseConnection.establishNewRpcClient(DocbaseConnection.java:227)
	at com.documentum.fc.client.impl.connection.docbase.DocbaseConnection.open(DocbaseConnection.java:126)
	at com.documentum.fc.client.impl.connection.docbase.DocbaseConnection.<init>(DocbaseConnection.java:100)
	at com.documentum.fc.client.impl.connection.docbase.DocbaseConnection.<init>(DocbaseConnection.java:60)
	at com.documentum.fc.client.impl.connection.docbase.DocbaseConnectionFactory.newDocbaseConnection(DocbaseConnectionFactory.java:26)
	at com.documentum.fc.client.impl.connection.docbase.DocbaseConnectionManager.createNewConnection(DocbaseConnectionManager.java:192)
	at com.documentum.fc.client.impl.connection.docbase.DocbaseConnectionManager.getDocbaseConnection(DocbaseConnectionManager.java:122)
	at com.documentum.fc.client.impl.session.SessionFactory.newSession(SessionFactory.java:23)
	at com.documentum.fc.client.impl.session.PrincipalAwareSessionFactory.newSession(PrincipalAwareSessionFactory.java:44)
	at com.documentum.fc.client.impl.session.PooledSessionFactory.newSession(PooledSessionFactory.java:49)
	at com.documentum.fc.client.impl.session.SessionManager.getSessionFromFactory(SessionManager.java:134)
	at com.documentum.fc.client.impl.session.SessionManager.newSession(SessionManager.java:72)
	at com.documentum.fc.client.impl.session.SessionManager.getSession(SessionManager.java:191)
	at si.telekom.dis.server.AdminServiceImpl.getSuperUserSession(AdminServiceImpl.java:1572)
	at si.telekom.dis.server.AdminServiceImpl.syncProfiles(AdminServiceImpl.java:1799)
	at si.telekom.dis.server.AdminServiceImpl.syncProfiles(AdminServiceImpl.java:1789)
	at si.telekom.dis.server.AdminServiceImpl$1.run(AdminServiceImpl.java:332)
	at java.lang.Thread.run(Thread.java:748)

9516 [grizzly-http-server-0] WARN si.telekom.dis.server.restCommon.AuthenticationFilter  - User zivkovick cannot login: Documentum authentication problem:[DM_DOCBROKER_E_NO_DOCBROKERS]error:  "No DocBrokers are configured"
2531 [SyncGroups] ERROR com.documentum.fc.common.impl.logging.LoggingConfigurator  - Problem locating log4j configuration
2533 [SyncGroups] WARN com.documentum.fc.common.impl.logging.LoggingConfigurator  - Using default log4j configuration
2534 [SyncGroups] ERROR com.documentum.fc.common.impl.preferences.PreferencesManager  - [DFC_PREFERENCE_LOAD_FAILED] Failed to load persistent preferences from null
java.io.FileNotFoundException: dfc.properties
	at com.documentum.fc.common.impl.preferences.PreferencesManager.locateMainPersistentStore(PreferencesManager.java:378)
	at com.documentum.fc.common.impl.preferences.PreferencesManager.readPersistentProperties(PreferencesManager.java:329)
	at com.documentum.fc.common.impl.preferences.PreferencesManager.<init>(PreferencesManager.java:37)
	at com.documentum.fc.common.DfPreferences.initialize(DfPreferences.java:64)
	at com.documentum.fc.common.DfPreferences.getInstance(DfPreferences.java:43)
	at com.documentum.fc.client.DfSimpleDbor.getDefaultDbor(DfSimpleDbor.java:78)
	at com.documentum.fc.client.DfSimpleDbor.<init>(DfSimpleDbor.java:66)
	at com.documentum.fc.client.DfClient$ClientImpl.<init>(DfClient.java:350)
	at com.documentum.fc.client.DfClient.<clinit>(DfClient.java:766)
	at com.documentum.com.DfClientX.getLocalClient(DfClientX.java:43)
	at si.telekom.dis.server.AdminServiceImpl.getSessionManager(AdminServiceImpl.java:1024)
	at si.telekom.dis.server.AdminServiceImpl.getAdminSession(AdminServiceImpl.java:1950)
	at si.telekom.dis.server.AdminServiceImpl$2.run(AdminServiceImpl.java:363)
	at java.lang.Thread.run(Thread.java:748)
3513 [SyncGroups] ERROR com.documentum.fc.client.security.impl.IdentityManager  - [DFC_SECURITY_IDENTITY_INIT] no identity initialization or incomplete identity initialization
DfException:: THREAD: SyncGroups; MSG: ; ERRORCODE: ff; NEXT: null
	at com.documentum.fc.client.security.impl.JKSKeystoreUtil.creteNewKeystoreFile(JKSKeystoreUtil.java:425)
	at com.documentum.fc.client.security.impl.JKSKeystoreUtil.createNewKeystore(JKSKeystoreUtil.java:209)
	at com.documentum.fc.client.security.impl.DfcIdentityKeystore.applyDfcInitPolicy(DfcIdentityKeystore.java:95)
	at com.documentum.fc.client.security.impl.DfcIdentityKeystore.<init>(DfcIdentityKeystore.java:44)
	at com.documentum.fc.client.security.impl.InitializeKeystoreForDfc.init(InitializeKeystoreForDfc.java:129)
	at com.documentum.fc.client.security.impl.InitializeKeystoreForDfc.execute(InitializeKeystoreForDfc.java:54)
	at com.documentum.fc.client.security.internal.KeystoreMgr.initForDfcWithDefaultPolicy(KeystoreMgr.java:71)
	at com.documentum.fc.client.security.impl.IdentityManager.initFromKeystore(IdentityManager.java:139)
	at com.documentum.fc.client.security.impl.IdentityManager.<init>(IdentityManager.java:41)
	at com.documentum.fc.impl.RuntimeContext.<init>(RuntimeContext.java:52)
	at com.documentum.fc.impl.RuntimeContext.<clinit>(RuntimeContext.java:185)
	at com.documentum.fc.client.DfClient.<clinit>(DfClient.java:772)
	at com.documentum.com.DfClientX.getLocalClient(DfClientX.java:43)
	at si.telekom.dis.server.AdminServiceImpl.getSessionManager(AdminServiceImpl.java:1024)
	at si.telekom.dis.server.AdminServiceImpl.getAdminSession(AdminServiceImpl.java:1950)
	at si.telekom.dis.server.AdminServiceImpl$2.run(AdminServiceImpl.java:363)
	at java.lang.Thread.run(Thread.java:748)
Caused by: java.io.IOException: Permission denied
	at java.io.UnixFileSystem.createFileExclusively(Native Method)
	at java.io.File.createNewFile(File.java:1014)
	at com.documentum.fc.client.security.impl.JKSKeystoreUtil.creteNewKeystoreFile(JKSKeystoreUtil.java:412)
	... 16 more
3532 [SyncGroups] WARN com.documentum.fc.client.security.internal.RegistrationMgr  - [DFC_SECURITY_GR_PUBLICATION_FAILED] Publication of DFC instance with global registry failed
DfException:: THREAD: SyncGroups; MSG: [DFC_BOF_GLOBAL_REGISTRY_NOT_CONFIGURED] A global registry is not configured; ERRORCODE: ff; NEXT: null
	at com.documentum.fc.client.security.impl.DfcIdentityPublisher.<init>(DfcIdentityPublisher.java:51)
	at com.documentum.fc.client.security.internal.RegistrationMgr.register(RegistrationMgr.java:34)
	at com.documentum.fc.impl.RuntimeContext.<clinit>(RuntimeContext.java:195)
	at com.documentum.fc.client.DfClient.<clinit>(DfClient.java:772)
	at com.documentum.com.DfClientX.getLocalClient(DfClientX.java:43)
	at si.telekom.dis.server.AdminServiceImpl.getSessionManager(AdminServiceImpl.java:1024)
	at si.telekom.dis.server.AdminServiceImpl.getAdminSession(AdminServiceImpl.java:1950)
	at si.telekom.dis.server.AdminServiceImpl$2.run(AdminServiceImpl.java:363)
	at java.lang.Thread.run(Thread.java:748)
36848 [grizzly-http-server-0] WARN si.telekom.dis.server.restCommon.AuthenticationFilter  - User zivkovick cannot login: Documentum authentication problem:[DM_DOCBROKER_E_NO_DOCBROKERS]error:  "No DocBrokers are configured"
6772 [SyncGroups] ERROR com.documentum.fc.common.impl.logging.LoggingConfigurator  - Problem locating log4j configuration
6773 [SyncGroups] WARN com.documentum.fc.common.impl.logging.LoggingConfigurator  - Using default log4j configuration
6775 [SyncGroups] ERROR com.documentum.fc.common.impl.preferences.PreferencesManager  - [DFC_PREFERENCE_LOAD_FAILED] Failed to load persistent preferences from null
java.io.FileNotFoundException: dfc.properties
	at com.documentum.fc.common.impl.preferences.PreferencesManager.locateMainPersistentStore(PreferencesManager.java:378)
	at com.documentum.fc.common.impl.preferences.PreferencesManager.readPersistentProperties(PreferencesManager.java:329)
	at com.documentum.fc.common.impl.preferences.PreferencesManager.<init>(PreferencesManager.java:37)
	at com.documentum.fc.common.DfPreferences.initialize(DfPreferences.java:64)
	at com.documentum.fc.common.DfPreferences.getInstance(DfPreferences.java:43)
	at com.documentum.fc.client.DfSimpleDbor.getDefaultDbor(DfSimpleDbor.java:78)
	at com.documentum.fc.client.DfSimpleDbor.<init>(DfSimpleDbor.java:66)
	at com.documentum.fc.client.DfClient$ClientImpl.<init>(DfClient.java:350)
	at com.documentum.fc.client.DfClient.<clinit>(DfClient.java:766)
	at com.documentum.com.DfClientX.getLocalClient(DfClientX.java:43)
	at si.telekom.dis.server.AdminServiceImpl.getSessionManager(AdminServiceImpl.java:1024)
	at si.telekom.dis.server.AdminServiceImpl.getAdminSession(AdminServiceImpl.java:1950)
	at si.telekom.dis.server.AdminServiceImpl$2.run(AdminServiceImpl.java:363)
	at java.lang.Thread.run(Thread.java:748)
8602 [SyncGroups] ERROR com.documentum.fc.client.security.impl.IdentityManager  - [DFC_SECURITY_IDENTITY_INIT] no identity initialization or incomplete identity initialization
DfException:: THREAD: SyncGroups; MSG: ; ERRORCODE: ff; NEXT: null
	at com.documentum.fc.client.security.impl.JKSKeystoreUtil.creteNewKeystoreFile(JKSKeystoreUtil.java:425)
	at com.documentum.fc.client.security.impl.JKSKeystoreUtil.createNewKeystore(JKSKeystoreUtil.java:209)
	at com.documentum.fc.client.security.impl.DfcIdentityKeystore.applyDfcInitPolicy(DfcIdentityKeystore.java:95)
	at com.documentum.fc.client.security.impl.DfcIdentityKeystore.<init>(DfcIdentityKeystore.java:44)
	at com.documentum.fc.client.security.impl.InitializeKeystoreForDfc.init(InitializeKeystoreForDfc.java:129)
	at com.documentum.fc.client.security.impl.InitializeKeystoreForDfc.execute(InitializeKeystoreForDfc.java:54)
	at com.documentum.fc.client.security.internal.KeystoreMgr.initForDfcWithDefaultPolicy(KeystoreMgr.java:71)
	at com.documentum.fc.client.security.impl.IdentityManager.initFromKeystore(IdentityManager.java:139)
	at com.documentum.fc.client.security.impl.IdentityManager.<init>(IdentityManager.java:41)
	at com.documentum.fc.impl.RuntimeContext.<init>(RuntimeContext.java:52)
	at com.documentum.fc.impl.RuntimeContext.<clinit>(RuntimeContext.java:185)
	at com.documentum.fc.client.DfClient.<clinit>(DfClient.java:772)
	at com.documentum.com.DfClientX.getLocalClient(DfClientX.java:43)
	at si.telekom.dis.server.AdminServiceImpl.getSessionManager(AdminServiceImpl.java:1024)
	at si.telekom.dis.server.AdminServiceImpl.getAdminSession(AdminServiceImpl.java:1950)
	at si.telekom.dis.server.AdminServiceImpl$2.run(AdminServiceImpl.java:363)
	at java.lang.Thread.run(Thread.java:748)
Caused by: java.io.IOException: Permission denied
	at java.io.UnixFileSystem.createFileExclusively(Native Method)
	at java.io.File.createNewFile(File.java:1014)
	at com.documentum.fc.client.security.impl.JKSKeystoreUtil.creteNewKeystoreFile(JKSKeystoreUtil.java:412)
	... 16 more
8630 [SyncGroups] WARN com.documentum.fc.client.security.internal.RegistrationMgr  - [DFC_SECURITY_GR_PUBLICATION_FAILED] Publication of DFC instance with global registry failed
DfException:: THREAD: SyncGroups; MSG: [DFC_BOF_GLOBAL_REGISTRY_NOT_CONFIGURED] A global registry is not configured; ERRORCODE: ff; NEXT: null
	at com.documentum.fc.client.security.impl.DfcIdentityPublisher.<init>(DfcIdentityPublisher.java:51)
	at com.documentum.fc.client.security.internal.RegistrationMgr.register(RegistrationMgr.java:34)
	at com.documentum.fc.impl.RuntimeContext.<clinit>(RuntimeContext.java:195)
	at com.documentum.fc.client.DfClient.<clinit>(DfClient.java:772)
	at com.documentum.com.DfClientX.getLocalClient(DfClientX.java:43)
	at si.telekom.dis.server.AdminServiceImpl.getSessionManager(AdminServiceImpl.java:1024)
	at si.telekom.dis.server.AdminServiceImpl.getAdminSession(AdminServiceImpl.java:1950)
	at si.telekom.dis.server.AdminServiceImpl$2.run(AdminServiceImpl.java:363)
	at java.lang.Thread.run(Thread.java:748)
6622 [SyncGroups] ERROR com.documentum.fc.common.impl.logging.LoggingConfigurator  - Problem locating log4j configuration
6623 [SyncGroups] WARN com.documentum.fc.common.impl.logging.LoggingConfigurator  - Using default log4j configuration
6625 [SyncGroups] ERROR com.documentum.fc.common.impl.preferences.PreferencesManager  - [DFC_PREFERENCE_LOAD_FAILED] Failed to load persistent preferences from null
java.io.FileNotFoundException: dfc.properties
	at com.documentum.fc.common.impl.preferences.PreferencesManager.locateMainPersistentStore(PreferencesManager.java:378)
	at com.documentum.fc.common.impl.preferences.PreferencesManager.readPersistentProperties(PreferencesManager.java:329)
	at com.documentum.fc.common.impl.preferences.PreferencesManager.<init>(PreferencesManager.java:37)
	at com.documentum.fc.common.DfPreferences.initialize(DfPreferences.java:64)
	at com.documentum.fc.common.DfPreferences.getInstance(DfPreferences.java:43)
	at com.documentum.fc.client.DfSimpleDbor.getDefaultDbor(DfSimpleDbor.java:78)
	at com.documentum.fc.client.DfSimpleDbor.<init>(DfSimpleDbor.java:66)
	at com.documentum.fc.client.DfClient$ClientImpl.<init>(DfClient.java:350)
	at com.documentum.fc.client.DfClient.<clinit>(DfClient.java:766)
	at com.documentum.com.DfClientX.getLocalClient(DfClientX.java:43)
	at si.telekom.dis.server.AdminServiceImpl.getSessionManager(AdminServiceImpl.java:1024)
	at si.telekom.dis.server.AdminServiceImpl.getAdminSession(AdminServiceImpl.java:1950)
	at si.telekom.dis.server.AdminServiceImpl$2.run(AdminServiceImpl.java:363)
	at java.lang.Thread.run(Thread.java:748)
8450 [SyncGroups] ERROR com.documentum.fc.client.security.impl.IdentityManager  - [DFC_SECURITY_IDENTITY_INIT] no identity initialization or incomplete identity initialization
DfException:: THREAD: SyncGroups; MSG: ; ERRORCODE: ff; NEXT: null
	at com.documentum.fc.client.security.impl.JKSKeystoreUtil.creteNewKeystoreFile(JKSKeystoreUtil.java:425)
	at com.documentum.fc.client.security.impl.JKSKeystoreUtil.createNewKeystore(JKSKeystoreUtil.java:209)
	at com.documentum.fc.client.security.impl.DfcIdentityKeystore.applyDfcInitPolicy(DfcIdentityKeystore.java:95)
	at com.documentum.fc.client.security.impl.DfcIdentityKeystore.<init>(DfcIdentityKeystore.java:44)
	at com.documentum.fc.client.security.impl.InitializeKeystoreForDfc.init(InitializeKeystoreForDfc.java:129)
	at com.documentum.fc.client.security.impl.InitializeKeystoreForDfc.execute(InitializeKeystoreForDfc.java:54)
	at com.documentum.fc.client.security.internal.KeystoreMgr.initForDfcWithDefaultPolicy(KeystoreMgr.java:71)
	at com.documentum.fc.client.security.impl.IdentityManager.initFromKeystore(IdentityManager.java:139)
	at com.documentum.fc.client.security.impl.IdentityManager.<init>(IdentityManager.java:41)
	at com.documentum.fc.impl.RuntimeContext.<init>(RuntimeContext.java:52)
	at com.documentum.fc.impl.RuntimeContext.<clinit>(RuntimeContext.java:185)
	at com.documentum.fc.client.DfClient.<clinit>(DfClient.java:772)
	at com.documentum.com.DfClientX.getLocalClient(DfClientX.java:43)
	at si.telekom.dis.server.AdminServiceImpl.getSessionManager(AdminServiceImpl.java:1024)
	at si.telekom.dis.server.AdminServiceImpl.getAdminSession(AdminServiceImpl.java:1950)
	at si.telekom.dis.server.AdminServiceImpl$2.run(AdminServiceImpl.java:363)
	at java.lang.Thread.run(Thread.java:748)
Caused by: java.io.IOException: Permission denied
	at java.io.UnixFileSystem.createFileExclusively(Native Method)
	at java.io.File.createNewFile(File.java:1014)
	at com.documentum.fc.client.security.impl.JKSKeystoreUtil.creteNewKeystoreFile(JKSKeystoreUtil.java:412)
	... 16 more
8475 [SyncGroups] WARN com.documentum.fc.client.security.internal.RegistrationMgr  - [DFC_SECURITY_GR_PUBLICATION_FAILED] Publication of DFC instance with global registry failed
DfException:: THREAD: SyncGroups; MSG: [DFC_BOF_GLOBAL_REGISTRY_NOT_CONFIGURED] A global registry is not configured; ERRORCODE: ff; NEXT: null
	at com.documentum.fc.client.security.impl.DfcIdentityPublisher.<init>(DfcIdentityPublisher.java:51)
	at com.documentum.fc.client.security.internal.RegistrationMgr.register(RegistrationMgr.java:34)
	at com.documentum.fc.impl.RuntimeContext.<clinit>(RuntimeContext.java:195)
	at com.documentum.fc.client.DfClient.<clinit>(DfClient.java:772)
	at com.documentum.com.DfClientX.getLocalClient(DfClientX.java:43)
	at si.telekom.dis.server.AdminServiceImpl.getSessionManager(AdminServiceImpl.java:1024)
	at si.telekom.dis.server.AdminServiceImpl.getAdminSession(AdminServiceImpl.java:1950)
	at si.telekom.dis.server.AdminServiceImpl$2.run(AdminServiceImpl.java:363)
	at java.lang.Thread.run(Thread.java:748)
225 [SyncGroups] ERROR com.documentum.fc.common.impl.logging.LoggingConfigurator  - Problem locating log4j configuration
226 [SyncGroups] WARN com.documentum.fc.common.impl.logging.LoggingConfigurator  - Using default log4j configuration
227 [SyncGroups] ERROR com.documentum.fc.common.impl.preferences.PreferencesManager  - [DFC_PREFERENCE_LOAD_FAILED] Failed to load persistent preferences from null
java.io.FileNotFoundException: dfc.properties
	at com.documentum.fc.common.impl.preferences.PreferencesManager.locateMainPersistentStore(PreferencesManager.java:378)
	at com.documentum.fc.common.impl.preferences.PreferencesManager.readPersistentProperties(PreferencesManager.java:329)
	at com.documentum.fc.common.impl.preferences.PreferencesManager.<init>(PreferencesManager.java:37)
	at com.documentum.fc.common.DfPreferences.initialize(DfPreferences.java:64)
	at com.documentum.fc.common.DfPreferences.getInstance(DfPreferences.java:43)
	at com.documentum.fc.client.DfSimpleDbor.getDefaultDbor(DfSimpleDbor.java:78)
	at com.documentum.fc.client.DfSimpleDbor.<init>(DfSimpleDbor.java:66)
	at com.documentum.fc.client.DfClient$ClientImpl.<init>(DfClient.java:350)
	at com.documentum.fc.client.DfClient.<clinit>(DfClient.java:766)
	at com.documentum.com.DfClientX.getLocalClient(DfClientX.java:43)
	at si.telekom.dis.server.AdminServiceImpl.getSessionManager(AdminServiceImpl.java:1024)
	at si.telekom.dis.server.AdminServiceImpl.getAdminSession(AdminServiceImpl.java:1950)
	at si.telekom.dis.server.AdminServiceImpl$2.run(AdminServiceImpl.java:363)
	at java.lang.Thread.run(Thread.java:748)
1063 [SyncGroups] ERROR com.documentum.fc.client.security.impl.IdentityManager  - [DFC_SECURITY_IDENTITY_INIT] no identity initialization or incomplete identity initialization
DfException:: THREAD: SyncGroups; MSG: ; ERRORCODE: ff; NEXT: null
	at com.documentum.fc.client.security.impl.JKSKeystoreUtil.creteNewKeystoreFile(JKSKeystoreUtil.java:425)
	at com.documentum.fc.client.security.impl.JKSKeystoreUtil.createNewKeystore(JKSKeystoreUtil.java:209)
	at com.documentum.fc.client.security.impl.DfcIdentityKeystore.applyDfcInitPolicy(DfcIdentityKeystore.java:95)
	at com.documentum.fc.client.security.impl.DfcIdentityKeystore.<init>(DfcIdentityKeystore.java:44)
	at com.documentum.fc.client.security.impl.InitializeKeystoreForDfc.init(InitializeKeystoreForDfc.java:129)
	at com.documentum.fc.client.security.impl.InitializeKeystoreForDfc.execute(InitializeKeystoreForDfc.java:54)
	at com.documentum.fc.client.security.internal.KeystoreMgr.initForDfcWithDefaultPolicy(KeystoreMgr.java:71)
	at com.documentum.fc.client.security.impl.IdentityManager.initFromKeystore(IdentityManager.java:139)
	at com.documentum.fc.client.security.impl.IdentityManager.<init>(IdentityManager.java:41)
	at com.documentum.fc.impl.RuntimeContext.<init>(RuntimeContext.java:52)
	at com.documentum.fc.impl.RuntimeContext.<clinit>(RuntimeContext.java:185)
	at com.documentum.fc.client.DfClient.<clinit>(DfClient.java:772)
	at com.documentum.com.DfClientX.getLocalClient(DfClientX.java:43)
	at si.telekom.dis.server.AdminServiceImpl.getSessionManager(AdminServiceImpl.java:1024)
	at si.telekom.dis.server.AdminServiceImpl.getAdminSession(AdminServiceImpl.java:1950)
	at si.telekom.dis.server.AdminServiceImpl$2.run(AdminServiceImpl.java:363)
	at java.lang.Thread.run(Thread.java:748)
Caused by: java.io.IOException: Permission denied
	at java.io.UnixFileSystem.createFileExclusively(Native Method)
	at java.io.File.createNewFile(File.java:1014)
	at com.documentum.fc.client.security.impl.JKSKeystoreUtil.creteNewKeystoreFile(JKSKeystoreUtil.java:412)
	... 16 more
1079 [SyncGroups] WARN com.documentum.fc.client.security.internal.RegistrationMgr  - [DFC_SECURITY_GR_PUBLICATION_FAILED] Publication of DFC instance with global registry failed
DfException:: THREAD: SyncGroups; MSG: [DFC_BOF_GLOBAL_REGISTRY_NOT_CONFIGURED] A global registry is not configured; ERRORCODE: ff; NEXT: null
	at com.documentum.fc.client.security.impl.DfcIdentityPublisher.<init>(DfcIdentityPublisher.java:51)
	at com.documentum.fc.client.security.internal.RegistrationMgr.register(RegistrationMgr.java:34)
	at com.documentum.fc.impl.RuntimeContext.<clinit>(RuntimeContext.java:195)
	at com.documentum.fc.client.DfClient.<clinit>(DfClient.java:772)
	at com.documentum.com.DfClientX.getLocalClient(DfClientX.java:43)
	at si.telekom.dis.server.AdminServiceImpl.getSessionManager(AdminServiceImpl.java:1024)
	at si.telekom.dis.server.AdminServiceImpl.getAdminSession(AdminServiceImpl.java:1950)
	at si.telekom.dis.server.AdminServiceImpl$2.run(AdminServiceImpl.java:363)
	at java.lang.Thread.run(Thread.java:748)
1228 [grizzly-http-server-0] WARN si.telekom.dis.server.restCommon.AuthenticationFilter  - User zivkovick cannot login: Documentum authentication problem:[DM_DOCBROKER_E_NO_DOCBROKERS]error:  "No DocBrokers are configured"
1229 [SyncGroups] ERROR si.telekom.dis.server.AdminServiceImpl  - DfServiceException:: THREAD: SyncGroups; MSG: [DM_DOCBROKER_E_NO_DOCBROKERS]error:  "No DocBrokers are configured"; ERRORCODE: 100; NEXT: null
1230 [MyStartThread] ERROR si.telekom.dis.server.AdminServiceImpl  - [DM_DOCBROKER_E_NO_DOCBROKERS]error:  "No DocBrokers are configured"
1230 [MyStartThread] ERROR si.telekom.dis.server.AdminServiceImpl  - [DM_DOCBROKER_E_NO_DOCBROKERS]error:  "No DocBrokers are configured"
1230 [MyStartThread] ERROR si.telekom.dis.server.AdminServiceImpl  - [DM_DOCBROKER_E_NO_DOCBROKERS]error:  "No DocBrokers are configured"
262 [SyncGroups] ERROR com.documentum.fc.common.impl.logging.LoggingConfigurator  - Problem locating log4j configuration
263 [SyncGroups] WARN com.documentum.fc.common.impl.logging.LoggingConfigurator  - Using default log4j configuration
264 [SyncGroups] ERROR com.documentum.fc.common.impl.preferences.PreferencesManager  - [DFC_PREFERENCE_LOAD_FAILED] Failed to load persistent preferences from null
java.io.FileNotFoundException: dfc.properties
	at com.documentum.fc.common.impl.preferences.PreferencesManager.locateMainPersistentStore(PreferencesManager.java:378)
	at com.documentum.fc.common.impl.preferences.PreferencesManager.readPersistentProperties(PreferencesManager.java:329)
	at com.documentum.fc.common.impl.preferences.PreferencesManager.<init>(PreferencesManager.java:37)
	at com.documentum.fc.common.DfPreferences.initialize(DfPreferences.java:64)
	at com.documentum.fc.common.DfPreferences.getInstance(DfPreferences.java:43)
	at com.documentum.fc.client.DfSimpleDbor.getDefaultDbor(DfSimpleDbor.java:78)
	at com.documentum.fc.client.DfSimpleDbor.<init>(DfSimpleDbor.java:66)
	at com.documentum.fc.client.DfClient$ClientImpl.<init>(DfClient.java:350)
	at com.documentum.fc.client.DfClient.<clinit>(DfClient.java:766)
	at com.documentum.com.DfClientX.getLocalClient(DfClientX.java:43)
	at si.telekom.dis.server.AdminServiceImpl.getSessionManager(AdminServiceImpl.java:1024)
	at si.telekom.dis.server.AdminServiceImpl.getAdminSession(AdminServiceImpl.java:1950)
	at si.telekom.dis.server.AdminServiceImpl$2.run(AdminServiceImpl.java:363)
	at java.lang.Thread.run(Thread.java:748)
1235 [SyncGroups] ERROR com.documentum.fc.client.security.impl.IdentityManager  - [DFC_SECURITY_IDENTITY_INIT] no identity initialization or incomplete identity initialization
DfException:: THREAD: SyncGroups; MSG: ; ERRORCODE: ff; NEXT: null
	at com.documentum.fc.client.security.impl.JKSKeystoreUtil.creteNewKeystoreFile(JKSKeystoreUtil.java:425)
	at com.documentum.fc.client.security.impl.JKSKeystoreUtil.createNewKeystore(JKSKeystoreUtil.java:209)
	at com.documentum.fc.client.security.impl.DfcIdentityKeystore.applyDfcInitPolicy(DfcIdentityKeystore.java:95)
	at com.documentum.fc.client.security.impl.DfcIdentityKeystore.<init>(DfcIdentityKeystore.java:44)
	at com.documentum.fc.client.security.impl.InitializeKeystoreForDfc.init(InitializeKeystoreForDfc.java:129)
	at com.documentum.fc.client.security.impl.InitializeKeystoreForDfc.execute(InitializeKeystoreForDfc.java:54)
	at com.documentum.fc.client.security.internal.KeystoreMgr.initForDfcWithDefaultPolicy(KeystoreMgr.java:71)
	at com.documentum.fc.client.security.impl.IdentityManager.initFromKeystore(IdentityManager.java:139)
	at com.documentum.fc.client.security.impl.IdentityManager.<init>(IdentityManager.java:41)
	at com.documentum.fc.impl.RuntimeContext.<init>(RuntimeContext.java:52)
	at com.documentum.fc.impl.RuntimeContext.<clinit>(RuntimeContext.java:185)
	at com.documentum.fc.client.DfClient.<clinit>(DfClient.java:772)
	at com.documentum.com.DfClientX.getLocalClient(DfClientX.java:43)
	at si.telekom.dis.server.AdminServiceImpl.getSessionManager(AdminServiceImpl.java:1024)
	at si.telekom.dis.server.AdminServiceImpl.getAdminSession(AdminServiceImpl.java:1950)
	at si.telekom.dis.server.AdminServiceImpl$2.run(AdminServiceImpl.java:363)
	at java.lang.Thread.run(Thread.java:748)
Caused by: java.io.IOException: Permission denied
	at java.io.UnixFileSystem.createFileExclusively(Native Method)
	at java.io.File.createNewFile(File.java:1014)
	at com.documentum.fc.client.security.impl.JKSKeystoreUtil.creteNewKeystoreFile(JKSKeystoreUtil.java:412)
	... 16 more
1254 [SyncGroups] WARN com.documentum.fc.client.security.internal.RegistrationMgr  - [DFC_SECURITY_GR_PUBLICATION_FAILED] Publication of DFC instance with global registry failed
DfException:: THREAD: SyncGroups; MSG: [DFC_BOF_GLOBAL_REGISTRY_NOT_CONFIGURED] A global registry is not configured; ERRORCODE: ff; NEXT: null
	at com.documentum.fc.client.security.impl.DfcIdentityPublisher.<init>(DfcIdentityPublisher.java:51)
	at com.documentum.fc.client.security.internal.RegistrationMgr.register(RegistrationMgr.java:34)
	at com.documentum.fc.impl.RuntimeContext.<clinit>(RuntimeContext.java:195)
	at com.documentum.fc.client.DfClient.<clinit>(DfClient.java:772)
	at com.documentum.com.DfClientX.getLocalClient(DfClientX.java:43)
	at si.telekom.dis.server.AdminServiceImpl.getSessionManager(AdminServiceImpl.java:1024)
	at si.telekom.dis.server.AdminServiceImpl.getAdminSession(AdminServiceImpl.java:1950)
	at si.telekom.dis.server.AdminServiceImpl$2.run(AdminServiceImpl.java:363)
	at java.lang.Thread.run(Thread.java:748)
1403 [grizzly-http-server-0] WARN si.telekom.dis.server.restCommon.AuthenticationFilter  - User dmadmin cannot login: Documentum authentication problem:[DM_DOCBROKER_E_NO_DOCBROKERS]error:  "No DocBrokers are configured"
1403 [SyncGroups] ERROR si.telekom.dis.server.AdminServiceImpl  - DfServiceException:: THREAD: SyncGroups; MSG: [DM_DOCBROKER_E_NO_DOCBROKERS]error:  "No DocBrokers are configured"; ERRORCODE: 100; NEXT: null
1403 [MyStartThread] ERROR si.telekom.dis.server.AdminServiceImpl  - [DM_DOCBROKER_E_NO_DOCBROKERS]error:  "No DocBrokers are configured"
1403 [MyStartThread] ERROR si.telekom.dis.server.AdminServiceImpl  - [DM_DOCBROKER_E_NO_DOCBROKERS]error:  "No DocBrokers are configured"
1403 [MyStartThread] ERROR si.telekom.dis.server.AdminServiceImpl  - [DM_DOCBROKER_E_NO_DOCBROKERS]error:  "No DocBrokers are configured"
181 [grizzly-http-server-0] ERROR com.documentum.fc.common.impl.logging.LoggingConfigurator  - Problem locating log4j configuration
182 [grizzly-http-server-0] WARN com.documentum.fc.common.impl.logging.LoggingConfigurator  - Using default log4j configuration
183 [grizzly-http-server-0] ERROR com.documentum.fc.common.impl.preferences.PreferencesManager  - [DFC_PREFERENCE_LOAD_FAILED] Failed to load persistent preferences from null
java.io.FileNotFoundException: dfc.properties
	at com.documentum.fc.common.impl.preferences.PreferencesManager.locateMainPersistentStore(PreferencesManager.java:378)
	at com.documentum.fc.common.impl.preferences.PreferencesManager.readPersistentProperties(PreferencesManager.java:329)
	at com.documentum.fc.common.impl.preferences.PreferencesManager.<init>(PreferencesManager.java:37)
	at com.documentum.fc.common.DfPreferences.initialize(DfPreferences.java:64)
	at com.documentum.fc.common.DfPreferences.getInstance(DfPreferences.java:43)
	at com.documentum.fc.client.DfSimpleDbor.getDefaultDbor(DfSimpleDbor.java:78)
	at com.documentum.fc.client.DfSimpleDbor.<init>(DfSimpleDbor.java:66)
	at com.documentum.fc.client.DfClient$ClientImpl.<init>(DfClient.java:350)
	at com.documentum.fc.client.DfClient.<clinit>(DfClient.java:766)
	at com.documentum.com.DfClientX.getLocalClient(DfClientX.java:43)
	at si.telekom.dis.server.AdminServiceImpl.getSessionManager(AdminServiceImpl.java:1024)
	at si.telekom.dis.server.AdminServiceImpl.getSession(AdminServiceImpl.java:1914)
	at si.telekom.dis.server.LoginServiceImpl.checkPassword(LoginServiceImpl.java:180)
	at si.telekom.dis.server.restCommon.AuthenticationFilter.isUserAllowed(AuthenticationFilter.java:127)
	at si.telekom.dis.server.restCommon.AuthenticationFilter.filter(AuthenticationFilter.java:103)
	at org.glassfish.jersey.server.ContainerFilteringStage.apply(ContainerFilteringStage.java:132)
	at org.glassfish.jersey.server.ContainerFilteringStage.apply(ContainerFilteringStage.java:68)
	at org.glassfish.jersey.process.internal.Stages.process(Stages.java:197)
	at org.glassfish.jersey.server.ServerRuntime$2.run(ServerRuntime.java:318)
	at org.glassfish.jersey.internal.Errors$1.call(Errors.java:271)
	at org.glassfish.jersey.internal.Errors$1.call(Errors.java:267)
	at org.glassfish.jersey.internal.Errors.process(Errors.java:315)
	at org.glassfish.jersey.internal.Errors.process(Errors.java:297)
	at org.glassfish.jersey.internal.Errors.process(Errors.java:267)
	at org.glassfish.jersey.process.internal.RequestScope.runInScope(RequestScope.java:317)
	at org.glassfish.jersey.server.ServerRuntime.process(ServerRuntime.java:305)
	at org.glassfish.jersey.server.ApplicationHandler.handle(ApplicationHandler.java:1154)
	at org.glassfish.jersey.servlet.WebComponent.serviceImpl(WebComponent.java:473)
	at org.glassfish.jersey.servlet.WebComponent.service(WebComponent.java:427)
	at org.glassfish.jersey.servlet.ServletContainer.service(ServletContainer.java:388)
	at org.glassfish.jersey.servlet.ServletContainer.service(ServletContainer.java:341)
	at org.glassfish.jersey.servlet.ServletContainer.service(ServletContainer.java:228)
	at org.glassfish.grizzly.servlet.FilterChainImpl.doFilter(FilterChainImpl.java:147)
	at org.glassfish.grizzly.servlet.FilterChainImpl.invokeFilterChain(FilterChainImpl.java:106)
	at org.glassfish.grizzly.servlet.ServletHandler.doServletService(ServletHandler.java:224)
	at org.glassfish.grizzly.servlet.ServletHandler.service(ServletHandler.java:173)
	at org.glassfish.grizzly.http.server.HttpHandler$1.run(HttpHandler.java:224)
	at org.glassfish.grizzly.threadpool.AbstractThreadPool$Worker.doWork(AbstractThreadPool.java:591)
	at org.glassfish.grizzly.threadpool.AbstractThreadPool$Worker.run(AbstractThreadPool.java:571)
	at java.lang.Thread.run(Thread.java:748)
929 [grizzly-http-server-0] ERROR com.documentum.fc.client.security.impl.IdentityManager  - [DFC_SECURITY_IDENTITY_INIT] no identity initialization or incomplete identity initialization
DfException:: THREAD: grizzly-http-server-0; MSG: ; ERRORCODE: ff; NEXT: null
	at com.documentum.fc.client.security.impl.JKSKeystoreUtil.creteNewKeystoreFile(JKSKeystoreUtil.java:425)
	at com.documentum.fc.client.security.impl.JKSKeystoreUtil.createNewKeystore(JKSKeystoreUtil.java:209)
	at com.documentum.fc.client.security.impl.DfcIdentityKeystore.applyDfcInitPolicy(DfcIdentityKeystore.java:95)
	at com.documentum.fc.client.security.impl.DfcIdentityKeystore.<init>(DfcIdentityKeystore.java:44)
	at com.documentum.fc.client.security.impl.InitializeKeystoreForDfc.init(InitializeKeystoreForDfc.java:129)
	at com.documentum.fc.client.security.impl.InitializeKeystoreForDfc.execute(InitializeKeystoreForDfc.java:54)
	at com.documentum.fc.client.security.internal.KeystoreMgr.initForDfcWithDefaultPolicy(KeystoreMgr.java:71)
	at com.documentum.fc.client.security.impl.IdentityManager.initFromKeystore(IdentityManager.java:139)
	at com.documentum.fc.client.security.impl.IdentityManager.<init>(IdentityManager.java:41)
	at com.documentum.fc.impl.RuntimeContext.<init>(RuntimeContext.java:52)
	at com.documentum.fc.impl.RuntimeContext.<clinit>(RuntimeContext.java:185)
	at com.documentum.fc.client.DfClient.<clinit>(DfClient.java:772)
	at com.documentum.com.DfClientX.getLocalClient(DfClientX.java:43)
	at si.telekom.dis.server.AdminServiceImpl.getSessionManager(AdminServiceImpl.java:1024)
	at si.telekom.dis.server.AdminServiceImpl.getSession(AdminServiceImpl.java:1914)
	at si.telekom.dis.server.LoginServiceImpl.checkPassword(LoginServiceImpl.java:180)
	at si.telekom.dis.server.restCommon.AuthenticationFilter.isUserAllowed(AuthenticationFilter.java:127)
	at si.telekom.dis.server.restCommon.AuthenticationFilter.filter(AuthenticationFilter.java:103)
	at org.glassfish.jersey.server.ContainerFilteringStage.apply(ContainerFilteringStage.java:132)
	at org.glassfish.jersey.server.ContainerFilteringStage.apply(ContainerFilteringStage.java:68)
	at org.glassfish.jersey.process.internal.Stages.process(Stages.java:197)
	at org.glassfish.jersey.server.ServerRuntime$2.run(ServerRuntime.java:318)
	at org.glassfish.jersey.internal.Errors$1.call(Errors.java:271)
	at org.glassfish.jersey.internal.Errors$1.call(Errors.java:267)
	at org.glassfish.jersey.internal.Errors.process(Errors.java:315)
	at org.glassfish.jersey.internal.Errors.process(Errors.java:297)
	at org.glassfish.jersey.internal.Errors.process(Errors.java:267)
	at org.glassfish.jersey.process.internal.RequestScope.runInScope(RequestScope.java:317)
	at org.glassfish.jersey.server.ServerRuntime.process(ServerRuntime.java:305)
	at org.glassfish.jersey.server.ApplicationHandler.handle(ApplicationHandler.java:1154)
	at org.glassfish.jersey.servlet.WebComponent.serviceImpl(WebComponent.java:473)
	at org.glassfish.jersey.servlet.WebComponent.service(WebComponent.java:427)
	at org.glassfish.jersey.servlet.ServletContainer.service(ServletContainer.java:388)
	at org.glassfish.jersey.servlet.ServletContainer.service(ServletContainer.java:341)
	at org.glassfish.jersey.servlet.ServletContainer.service(ServletContainer.java:228)
	at org.glassfish.grizzly.servlet.FilterChainImpl.doFilter(FilterChainImpl.java:147)
	at org.glassfish.grizzly.servlet.FilterChainImpl.invokeFilterChain(FilterChainImpl.java:106)
	at org.glassfish.grizzly.servlet.ServletHandler.doServletService(ServletHandler.java:224)
	at org.glassfish.grizzly.servlet.ServletHandler.service(ServletHandler.java:173)
	at org.glassfish.grizzly.http.server.HttpHandler$1.run(HttpHandler.java:224)
	at org.glassfish.grizzly.threadpool.AbstractThreadPool$Worker.doWork(AbstractThreadPool.java:591)
	at org.glassfish.grizzly.threadpool.AbstractThreadPool$Worker.run(AbstractThreadPool.java:571)
	at java.lang.Thread.run(Thread.java:748)
Caused by: java.io.IOException: Permission denied
	at java.io.UnixFileSystem.createFileExclusively(Native Method)
	at java.io.File.createNewFile(File.java:1014)
	at com.documentum.fc.client.security.impl.JKSKeystoreUtil.creteNewKeystoreFile(JKSKeystoreUtil.java:412)
	... 42 more
949 [grizzly-http-server-0] WARN com.documentum.fc.client.security.internal.RegistrationMgr  - [DFC_SECURITY_GR_PUBLICATION_FAILED] Publication of DFC instance with global registry failed
DfException:: THREAD: grizzly-http-server-0; MSG: [DFC_BOF_GLOBAL_REGISTRY_NOT_CONFIGURED] A global registry is not configured; ERRORCODE: ff; NEXT: null
	at com.documentum.fc.client.security.impl.DfcIdentityPublisher.<init>(DfcIdentityPublisher.java:51)
	at com.documentum.fc.client.security.internal.RegistrationMgr.register(RegistrationMgr.java:34)
	at com.documentum.fc.impl.RuntimeContext.<clinit>(RuntimeContext.java:195)
	at com.documentum.fc.client.DfClient.<clinit>(DfClient.java:772)
	at com.documentum.com.DfClientX.getLocalClient(DfClientX.java:43)
	at si.telekom.dis.server.AdminServiceImpl.getSessionManager(AdminServiceImpl.java:1024)
	at si.telekom.dis.server.AdminServiceImpl.getSession(AdminServiceImpl.java:1914)
	at si.telekom.dis.server.LoginServiceImpl.checkPassword(LoginServiceImpl.java:180)
	at si.telekom.dis.server.restCommon.AuthenticationFilter.isUserAllowed(AuthenticationFilter.java:127)
	at si.telekom.dis.server.restCommon.AuthenticationFilter.filter(AuthenticationFilter.java:103)
	at org.glassfish.jersey.server.ContainerFilteringStage.apply(ContainerFilteringStage.java:132)
	at org.glassfish.jersey.server.ContainerFilteringStage.apply(ContainerFilteringStage.java:68)
	at org.glassfish.jersey.process.internal.Stages.process(Stages.java:197)
	at org.glassfish.jersey.server.ServerRuntime$2.run(ServerRuntime.java:318)
	at org.glassfish.jersey.internal.Errors$1.call(Errors.java:271)
	at org.glassfish.jersey.internal.Errors$1.call(Errors.java:267)
	at org.glassfish.jersey.internal.Errors.process(Errors.java:315)
	at org.glassfish.jersey.internal.Errors.process(Errors.java:297)
	at org.glassfish.jersey.internal.Errors.process(Errors.java:267)
	at org.glassfish.jersey.process.internal.RequestScope.runInScope(RequestScope.java:317)
	at org.glassfish.jersey.server.ServerRuntime.process(ServerRuntime.java:305)
	at org.glassfish.jersey.server.ApplicationHandler.handle(ApplicationHandler.java:1154)
	at org.glassfish.jersey.servlet.WebComponent.serviceImpl(WebComponent.java:473)
	at org.glassfish.jersey.servlet.WebComponent.service(WebComponent.java:427)
	at org.glassfish.jersey.servlet.ServletContainer.service(ServletContainer.java:388)
	at org.glassfish.jersey.servlet.ServletContainer.service(ServletContainer.java:341)
	at org.glassfish.jersey.servlet.ServletContainer.service(ServletContainer.java:228)
	at org.glassfish.grizzly.servlet.FilterChainImpl.doFilter(FilterChainImpl.java:147)
	at org.glassfish.grizzly.servlet.FilterChainImpl.invokeFilterChain(FilterChainImpl.java:106)
	at org.glassfish.grizzly.servlet.ServletHandler.doServletService(ServletHandler.java:224)
	at org.glassfish.grizzly.servlet.ServletHandler.service(ServletHandler.java:173)
	at org.glassfish.grizzly.http.server.HttpHandler$1.run(HttpHandler.java:224)
	at org.glassfish.grizzly.threadpool.AbstractThreadPool$Worker.doWork(AbstractThreadPool.java:591)
	at org.glassfish.grizzly.threadpool.AbstractThreadPool$Worker.run(AbstractThreadPool.java:571)
	at java.lang.Thread.run(Thread.java:748)
1091 [SyncGroups] ERROR si.telekom.dis.server.AdminServiceImpl  - DfServiceException:: THREAD: SyncGroups; MSG: [DM_DOCBROKER_E_NO_DOCBROKERS]error:  "No DocBrokers are configured"; ERRORCODE: 100; NEXT: null
1094 [grizzly-http-server-0] WARN si.telekom.dis.server.restCommon.AuthenticationFilter  - User dmadmin cannot login: Documentum authentication problem:[DM_DOCBROKER_E_NO_DOCBROKERS]error:  "No DocBrokers are configured"
1094 [MyStartThread] ERROR si.telekom.dis.server.AdminServiceImpl  - [DM_DOCBROKER_E_NO_DOCBROKERS]error:  "No DocBrokers are configured"
1095 [MyStartThread] ERROR si.telekom.dis.server.AdminServiceImpl  - [DM_DOCBROKER_E_NO_DOCBROKERS]error:  "No DocBrokers are configured"
1095 [MyStartThread] ERROR si.telekom.dis.server.AdminServiceImpl  - [DM_DOCBROKER_E_NO_DOCBROKERS]error:  "No DocBrokers are configured"
221 [SyncGroups] ERROR com.documentum.fc.common.impl.logging.LoggingConfigurator  - Problem locating log4j configuration
222 [SyncGroups] WARN com.documentum.fc.common.impl.logging.LoggingConfigurator  - Using default log4j configuration
222 [SyncGroups] ERROR com.documentum.fc.common.impl.preferences.PreferencesManager  - [DFC_PREFERENCE_LOAD_FAILED] Failed to load persistent preferences from null
java.io.FileNotFoundException: dfc.properties
	at com.documentum.fc.common.impl.preferences.PreferencesManager.locateMainPersistentStore(PreferencesManager.java:378)
	at com.documentum.fc.common.impl.preferences.PreferencesManager.readPersistentProperties(PreferencesManager.java:329)
	at com.documentum.fc.common.impl.preferences.PreferencesManager.<init>(PreferencesManager.java:37)
	at com.documentum.fc.common.DfPreferences.initialize(DfPreferences.java:64)
	at com.documentum.fc.common.DfPreferences.getInstance(DfPreferences.java:43)
	at com.documentum.fc.client.DfSimpleDbor.getDefaultDbor(DfSimpleDbor.java:78)
	at com.documentum.fc.client.DfSimpleDbor.<init>(DfSimpleDbor.java:66)
	at com.documentum.fc.client.DfClient$ClientImpl.<init>(DfClient.java:350)
	at com.documentum.fc.client.DfClient.<clinit>(DfClient.java:766)
	at com.documentum.com.DfClientX.getLocalClient(DfClientX.java:43)
	at si.telekom.dis.server.AdminServiceImpl.getSessionManager(AdminServiceImpl.java:1024)
	at si.telekom.dis.server.AdminServiceImpl.getAdminSession(AdminServiceImpl.java:1950)
	at si.telekom.dis.server.AdminServiceImpl$2.run(AdminServiceImpl.java:363)
	at java.lang.Thread.run(Thread.java:748)
773 [SyncGroups] ERROR com.documentum.fc.client.security.impl.IdentityManager  - [DFC_SECURITY_IDENTITY_INIT] no identity initialization or incomplete identity initialization
DfException:: THREAD: SyncGroups; MSG: ; ERRORCODE: ff; NEXT: null
	at com.documentum.fc.client.security.impl.JKSKeystoreUtil.creteNewKeystoreFile(JKSKeystoreUtil.java:425)
	at com.documentum.fc.client.security.impl.JKSKeystoreUtil.createNewKeystore(JKSKeystoreUtil.java:209)
	at com.documentum.fc.client.security.impl.DfcIdentityKeystore.applyDfcInitPolicy(DfcIdentityKeystore.java:95)
	at com.documentum.fc.client.security.impl.DfcIdentityKeystore.<init>(DfcIdentityKeystore.java:44)
	at com.documentum.fc.client.security.impl.InitializeKeystoreForDfc.init(InitializeKeystoreForDfc.java:129)
	at com.documentum.fc.client.security.impl.InitializeKeystoreForDfc.execute(InitializeKeystoreForDfc.java:54)
	at com.documentum.fc.client.security.internal.KeystoreMgr.initForDfcWithDefaultPolicy(KeystoreMgr.java:71)
	at com.documentum.fc.client.security.impl.IdentityManager.initFromKeystore(IdentityManager.java:139)
	at com.documentum.fc.client.security.impl.IdentityManager.<init>(IdentityManager.java:41)
	at com.documentum.fc.impl.RuntimeContext.<init>(RuntimeContext.java:52)
	at com.documentum.fc.impl.RuntimeContext.<clinit>(RuntimeContext.java:185)
	at com.documentum.fc.client.DfClient.<clinit>(DfClient.java:772)
	at com.documentum.com.DfClientX.getLocalClient(DfClientX.java:43)
	at si.telekom.dis.server.AdminServiceImpl.getSessionManager(AdminServiceImpl.java:1024)
	at si.telekom.dis.server.AdminServiceImpl.getAdminSession(AdminServiceImpl.java:1950)
	at si.telekom.dis.server.AdminServiceImpl$2.run(AdminServiceImpl.java:363)
	at java.lang.Thread.run(Thread.java:748)
Caused by: java.io.IOException: Permission denied
	at java.io.UnixFileSystem.createFileExclusively(Native Method)
	at java.io.File.createNewFile(File.java:1014)
	at com.documentum.fc.client.security.impl.JKSKeystoreUtil.creteNewKeystoreFile(JKSKeystoreUtil.java:412)
	... 16 more
789 [SyncGroups] WARN com.documentum.fc.client.security.internal.RegistrationMgr  - [DFC_SECURITY_GR_PUBLICATION_FAILED] Publication of DFC instance with global registry failed
DfException:: THREAD: SyncGroups; MSG: [DFC_BOF_GLOBAL_REGISTRY_NOT_CONFIGURED] A global registry is not configured; ERRORCODE: ff; NEXT: null
	at com.documentum.fc.client.security.impl.DfcIdentityPublisher.<init>(DfcIdentityPublisher.java:51)
	at com.documentum.fc.client.security.internal.RegistrationMgr.register(RegistrationMgr.java:34)
	at com.documentum.fc.impl.RuntimeContext.<clinit>(RuntimeContext.java:195)
	at com.documentum.fc.client.DfClient.<clinit>(DfClient.java:772)
	at com.documentum.com.DfClientX.getLocalClient(DfClientX.java:43)
	at si.telekom.dis.server.AdminServiceImpl.getSessionManager(AdminServiceImpl.java:1024)
	at si.telekom.dis.server.AdminServiceImpl.getAdminSession(AdminServiceImpl.java:1950)
	at si.telekom.dis.server.AdminServiceImpl$2.run(AdminServiceImpl.java:363)
	at java.lang.Thread.run(Thread.java:748)
929 [SyncGroups] ERROR si.telekom.dis.server.AdminServiceImpl  - DfServiceException:: THREAD: SyncGroups; MSG: [DM_DOCBROKER_E_NO_DOCBROKERS]error:  "No DocBrokers are configured"; ERRORCODE: 100; NEXT: null
932 [grizzly-http-server-0] WARN si.telekom.dis.server.restCommon.AuthenticationFilter  - User dmadmin cannot login: Documentum authentication problem:[DM_DOCBROKER_E_NO_DOCBROKERS]error:  "No DocBrokers are configured"
933 [MyStartThread] ERROR si.telekom.dis.server.AdminServiceImpl  - [DM_DOCBROKER_E_NO_DOCBROKERS]error:  "No DocBrokers are configured"
934 [MyStartThread] ERROR si.telekom.dis.server.AdminServiceImpl  - [DM_DOCBROKER_E_NO_DOCBROKERS]error:  "No DocBrokers are configured"
934 [MyStartThread] ERROR si.telekom.dis.server.AdminServiceImpl  - [DM_DOCBROKER_E_NO_DOCBROKERS]error:  "No DocBrokers are configured"
285 [grizzly-http-server-0] ERROR com.documentum.fc.common.impl.logging.LoggingConfigurator  - Problem locating log4j configuration
286 [grizzly-http-server-0] WARN com.documentum.fc.common.impl.logging.LoggingConfigurator  - Using default log4j configuration
287 [grizzly-http-server-0] ERROR com.documentum.fc.common.impl.preferences.PreferencesManager  - [DFC_PREFERENCE_LOAD_FAILED] Failed to load persistent preferences from null
java.io.FileNotFoundException: dfc.properties
	at com.documentum.fc.common.impl.preferences.PreferencesManager.locateMainPersistentStore(PreferencesManager.java:378)
	at com.documentum.fc.common.impl.preferences.PreferencesManager.readPersistentProperties(PreferencesManager.java:329)
	at com.documentum.fc.common.impl.preferences.PreferencesManager.<init>(PreferencesManager.java:37)
	at com.documentum.fc.common.DfPreferences.initialize(DfPreferences.java:64)
	at com.documentum.fc.common.DfPreferences.getInstance(DfPreferences.java:43)
	at com.documentum.fc.client.DfSimpleDbor.getDefaultDbor(DfSimpleDbor.java:78)
	at com.documentum.fc.client.DfSimpleDbor.<init>(DfSimpleDbor.java:66)
	at com.documentum.fc.client.DfClient$ClientImpl.<init>(DfClient.java:350)
	at com.documentum.fc.client.DfClient.<clinit>(DfClient.java:766)
	at com.documentum.com.DfClientX.getLocalClient(DfClientX.java:43)
	at si.telekom.dis.server.AdminServiceImpl.getSessionManager(AdminServiceImpl.java:1024)
	at si.telekom.dis.server.AdminServiceImpl.getSession(AdminServiceImpl.java:1914)
	at si.telekom.dis.server.LoginServiceImpl.checkPassword(LoginServiceImpl.java:180)
	at si.telekom.dis.server.restCommon.AuthenticationFilter.isUserAllowed(AuthenticationFilter.java:127)
	at si.telekom.dis.server.restCommon.AuthenticationFilter.filter(AuthenticationFilter.java:103)
	at org.glassfish.jersey.server.ContainerFilteringStage.apply(ContainerFilteringStage.java:132)
	at org.glassfish.jersey.server.ContainerFilteringStage.apply(ContainerFilteringStage.java:68)
	at org.glassfish.jersey.process.internal.Stages.process(Stages.java:197)
	at org.glassfish.jersey.server.ServerRuntime$2.run(ServerRuntime.java:318)
	at org.glassfish.jersey.internal.Errors$1.call(Errors.java:271)
	at org.glassfish.jersey.internal.Errors$1.call(Errors.java:267)
	at org.glassfish.jersey.internal.Errors.process(Errors.java:315)
	at org.glassfish.jersey.internal.Errors.process(Errors.java:297)
	at org.glassfish.jersey.internal.Errors.process(Errors.java:267)
	at org.glassfish.jersey.process.internal.RequestScope.runInScope(RequestScope.java:317)
	at org.glassfish.jersey.server.ServerRuntime.process(ServerRuntime.java:305)
	at org.glassfish.jersey.server.ApplicationHandler.handle(ApplicationHandler.java:1154)
	at org.glassfish.jersey.servlet.WebComponent.serviceImpl(WebComponent.java:473)
	at org.glassfish.jersey.servlet.WebComponent.service(WebComponent.java:427)
	at org.glassfish.jersey.servlet.ServletContainer.service(ServletContainer.java:388)
	at org.glassfish.jersey.servlet.ServletContainer.service(ServletContainer.java:341)
	at org.glassfish.jersey.servlet.ServletContainer.service(ServletContainer.java:228)
	at org.glassfish.grizzly.servlet.FilterChainImpl.doFilter(FilterChainImpl.java:147)
	at org.glassfish.grizzly.servlet.FilterChainImpl.invokeFilterChain(FilterChainImpl.java:106)
	at org.glassfish.grizzly.servlet.ServletHandler.doServletService(ServletHandler.java:224)
	at org.glassfish.grizzly.servlet.ServletHandler.service(ServletHandler.java:173)
	at org.glassfish.grizzly.http.server.HttpHandler$1.run(HttpHandler.java:224)
	at org.glassfish.grizzly.threadpool.AbstractThreadPool$Worker.doWork(AbstractThreadPool.java:591)
	at org.glassfish.grizzly.threadpool.AbstractThreadPool$Worker.run(AbstractThreadPool.java:571)
	at java.lang.Thread.run(Thread.java:748)
940 [grizzly-http-server-0] ERROR com.documentum.fc.client.security.impl.IdentityManager  - [DFC_SECURITY_IDENTITY_INIT] no identity initialization or incomplete identity initialization
DfException:: THREAD: grizzly-http-server-0; MSG: ; ERRORCODE: ff; NEXT: null
	at com.documentum.fc.client.security.impl.JKSKeystoreUtil.creteNewKeystoreFile(JKSKeystoreUtil.java:425)
	at com.documentum.fc.client.security.impl.JKSKeystoreUtil.createNewKeystore(JKSKeystoreUtil.java:209)
	at com.documentum.fc.client.security.impl.DfcIdentityKeystore.applyDfcInitPolicy(DfcIdentityKeystore.java:95)
	at com.documentum.fc.client.security.impl.DfcIdentityKeystore.<init>(DfcIdentityKeystore.java:44)
	at com.documentum.fc.client.security.impl.InitializeKeystoreForDfc.init(InitializeKeystoreForDfc.java:129)
	at com.documentum.fc.client.security.impl.InitializeKeystoreForDfc.execute(InitializeKeystoreForDfc.java:54)
	at com.documentum.fc.client.security.internal.KeystoreMgr.initForDfcWithDefaultPolicy(KeystoreMgr.java:71)
	at com.documentum.fc.client.security.impl.IdentityManager.initFromKeystore(IdentityManager.java:139)
	at com.documentum.fc.client.security.impl.IdentityManager.<init>(IdentityManager.java:41)
	at com.documentum.fc.impl.RuntimeContext.<init>(RuntimeContext.java:52)
	at com.documentum.fc.impl.RuntimeContext.<clinit>(RuntimeContext.java:185)
	at com.documentum.fc.client.DfClient.<clinit>(DfClient.java:772)
	at com.documentum.com.DfClientX.getLocalClient(DfClientX.java:43)
	at si.telekom.dis.server.AdminServiceImpl.getSessionManager(AdminServiceImpl.java:1024)
	at si.telekom.dis.server.AdminServiceImpl.getSession(AdminServiceImpl.java:1914)
	at si.telekom.dis.server.LoginServiceImpl.checkPassword(LoginServiceImpl.java:180)
	at si.telekom.dis.server.restCommon.AuthenticationFilter.isUserAllowed(AuthenticationFilter.java:127)
	at si.telekom.dis.server.restCommon.AuthenticationFilter.filter(AuthenticationFilter.java:103)
	at org.glassfish.jersey.server.ContainerFilteringStage.apply(ContainerFilteringStage.java:132)
	at org.glassfish.jersey.server.ContainerFilteringStage.apply(ContainerFilteringStage.java:68)
	at org.glassfish.jersey.process.internal.Stages.process(Stages.java:197)
	at org.glassfish.jersey.server.ServerRuntime$2.run(ServerRuntime.java:318)
	at org.glassfish.jersey.internal.Errors$1.call(Errors.java:271)
	at org.glassfish.jersey.internal.Errors$1.call(Errors.java:267)
	at org.glassfish.jersey.internal.Errors.process(Errors.java:315)
	at org.glassfish.jersey.internal.Errors.process(Errors.java:297)
	at org.glassfish.jersey.internal.Errors.process(Errors.java:267)
	at org.glassfish.jersey.process.internal.RequestScope.runInScope(RequestScope.java:317)
	at org.glassfish.jersey.server.ServerRuntime.process(ServerRuntime.java:305)
	at org.glassfish.jersey.server.ApplicationHandler.handle(ApplicationHandler.java:1154)
	at org.glassfish.jersey.servlet.WebComponent.serviceImpl(WebComponent.java:473)
	at org.glassfish.jersey.servlet.WebComponent.service(WebComponent.java:427)
	at org.glassfish.jersey.servlet.ServletContainer.service(ServletContainer.java:388)
	at org.glassfish.jersey.servlet.ServletContainer.service(ServletContainer.java:341)
	at org.glassfish.jersey.servlet.ServletContainer.service(ServletContainer.java:228)
	at org.glassfish.grizzly.servlet.FilterChainImpl.doFilter(FilterChainImpl.java:147)
	at org.glassfish.grizzly.servlet.FilterChainImpl.invokeFilterChain(FilterChainImpl.java:106)
	at org.glassfish.grizzly.servlet.ServletHandler.doServletService(ServletHandler.java:224)
	at org.glassfish.grizzly.servlet.ServletHandler.service(ServletHandler.java:173)
	at org.glassfish.grizzly.http.server.HttpHandler$1.run(HttpHandler.java:224)
	at org.glassfish.grizzly.threadpool.AbstractThreadPool$Worker.doWork(AbstractThreadPool.java:591)
	at org.glassfish.grizzly.threadpool.AbstractThreadPool$Worker.run(AbstractThreadPool.java:571)
	at java.lang.Thread.run(Thread.java:748)
Caused by: java.io.IOException: Permission denied
	at java.io.UnixFileSystem.createFileExclusively(Native Method)
	at java.io.File.createNewFile(File.java:1014)
	at com.documentum.fc.client.security.impl.JKSKeystoreUtil.creteNewKeystoreFile(JKSKeystoreUtil.java:412)
	... 42 more
953 [grizzly-http-server-0] WARN com.documentum.fc.client.security.internal.RegistrationMgr  - [DFC_SECURITY_GR_PUBLICATION_FAILED] Publication of DFC instance with global registry failed
DfException:: THREAD: grizzly-http-server-0; MSG: [DFC_BOF_GLOBAL_REGISTRY_NOT_CONFIGURED] A global registry is not configured; ERRORCODE: ff; NEXT: null
	at com.documentum.fc.client.security.impl.DfcIdentityPublisher.<init>(DfcIdentityPublisher.java:51)
	at com.documentum.fc.client.security.internal.RegistrationMgr.register(RegistrationMgr.java:34)
	at com.documentum.fc.impl.RuntimeContext.<clinit>(RuntimeContext.java:195)
	at com.documentum.fc.client.DfClient.<clinit>(DfClient.java:772)
	at com.documentum.com.DfClientX.getLocalClient(DfClientX.java:43)
	at si.telekom.dis.server.AdminServiceImpl.getSessionManager(AdminServiceImpl.java:1024)
	at si.telekom.dis.server.AdminServiceImpl.getSession(AdminServiceImpl.java:1914)
	at si.telekom.dis.server.LoginServiceImpl.checkPassword(LoginServiceImpl.java:180)
	at si.telekom.dis.server.restCommon.AuthenticationFilter.isUserAllowed(AuthenticationFilter.java:127)
	at si.telekom.dis.server.restCommon.AuthenticationFilter.filter(AuthenticationFilter.java:103)
	at org.glassfish.jersey.server.ContainerFilteringStage.apply(ContainerFilteringStage.java:132)
	at org.glassfish.jersey.server.ContainerFilteringStage.apply(ContainerFilteringStage.java:68)
	at org.glassfish.jersey.process.internal.Stages.process(Stages.java:197)
	at org.glassfish.jersey.server.ServerRuntime$2.run(ServerRuntime.java:318)
	at org.glassfish.jersey.internal.Errors$1.call(Errors.java:271)
	at org.glassfish.jersey.internal.Errors$1.call(Errors.java:267)
	at org.glassfish.jersey.internal.Errors.process(Errors.java:315)
	at org.glassfish.jersey.internal.Errors.process(Errors.java:297)
	at org.glassfish.jersey.internal.Errors.process(Errors.java:267)
	at org.glassfish.jersey.process.internal.RequestScope.runInScope(RequestScope.java:317)
	at org.glassfish.jersey.server.ServerRuntime.process(ServerRuntime.java:305)
	at org.glassfish.jersey.server.ApplicationHandler.handle(ApplicationHandler.java:1154)
	at org.glassfish.jersey.servlet.WebComponent.serviceImpl(WebComponent.java:473)
	at org.glassfish.jersey.servlet.WebComponent.service(WebComponent.java:427)
	at org.glassfish.jersey.servlet.ServletContainer.service(ServletContainer.java:388)
	at org.glassfish.jersey.servlet.ServletContainer.service(ServletContainer.java:341)
	at org.glassfish.jersey.servlet.ServletContainer.service(ServletContainer.java:228)
	at org.glassfish.grizzly.servlet.FilterChainImpl.doFilter(FilterChainImpl.java:147)
	at org.glassfish.grizzly.servlet.FilterChainImpl.invokeFilterChain(FilterChainImpl.java:106)
	at org.glassfish.grizzly.servlet.ServletHandler.doServletService(ServletHandler.java:224)
	at org.glassfish.grizzly.servlet.ServletHandler.service(ServletHandler.java:173)
	at org.glassfish.grizzly.http.server.HttpHandler$1.run(HttpHandler.java:224)
	at org.glassfish.grizzly.threadpool.AbstractThreadPool$Worker.doWork(AbstractThreadPool.java:591)
	at org.glassfish.grizzly.threadpool.AbstractThreadPool$Worker.run(AbstractThreadPool.java:571)
	at java.lang.Thread.run(Thread.java:748)
1090 [SyncGroups] ERROR si.telekom.dis.server.AdminServiceImpl  - DfServiceException:: THREAD: SyncGroups; MSG: [DM_DOCBROKER_E_NO_DOCBROKERS]error:  "No DocBrokers are configured"; ERRORCODE: 100; NEXT: null
1093 [grizzly-http-server-0] WARN si.telekom.dis.server.restCommon.AuthenticationFilter  - User dmadmin cannot login: Documentum authentication problem:[DM_DOCBROKER_E_NO_DOCBROKERS]error:  "No DocBrokers are configured"
1095 [MyStartThread] ERROR si.telekom.dis.server.AdminServiceImpl  - [DM_DOCBROKER_E_NO_DOCBROKERS]error:  "No DocBrokers are configured"
1095 [MyStartThread] ERROR si.telekom.dis.server.AdminServiceImpl  - [DM_DOCBROKER_E_NO_DOCBROKERS]error:  "No DocBrokers are configured"
1113 [MyStartThread] ERROR si.telekom.dis.server.AdminServiceImpl  - [DM_DOCBROKER_E_NO_DOCBROKERS]error:  "No DocBrokers are configured"
